2024/12/03 21:56:17 abizer @(unknown) (3480) [visibility]> read 0 heads: 
2024/12/03 21:56:17 abizer @(unknown) (3480) [command_finish]> init --git . exited 0 after 0.09 seconds
2024/12/03 21:56:31 abizer @(unknown) (3601) [command]> addremove
2024/12/03 21:56:31 abizer @0000000000000000000000000000000000000000 (3601) [command_finish]> addremove exited 0 after 0.13 seconds
2024/12/03 21:56:37 abizer @(unknown) (3627) [command]> commit -m 'initial commit'
2024/12/03 21:56:37 abizer @0000000000000000000000000000000000000000 (3627) [visibility]> read 0 heads: 
2024/12/03 21:56:37 abizer @0000000000000000000000000000000000000000 (3627) [visibility]> read 0 heads: 
2024/12/03 21:56:37 abizer @0000000000000000000000000000000000000000 (3627) [visibility]> removed 0 heads []; added 1 heads [b3e82d1e469a]
2024/12/03 21:56:37 abizer @b3e82d1e469a659985ac899e6a805be6092f87ae (3627) [visibility]> wrote 1 heads: b3e82d1e469a
2024/12/03 21:56:37 abizer @b3e82d1e469a659985ac899e6a805be6092f87ae (3627) [command_finish]> commit -m 'initial commit' exited 0 after 0.18 seconds
2024/12/03 21:56:41 abizer @(unknown) (3656) [command]> paths -a default 'git@github.com:abizer/tkc'
2024/12/03 21:56:41 abizer @(unknown) (3656) [command_finish]> paths -a default 'git@github.com:abizer/tkc' exited 0 after 0.05 seconds
2024/12/03 21:56:44 abizer @(unknown) (3668) [command]> push --to master
2024/12/03 21:56:47 abizer @b3e82d1e469a659985ac899e6a805be6092f87ae (3668) [visibility]> read 1 heads: b3e82d1e469a
2024/12/03 21:56:47 abizer @b3e82d1e469a659985ac899e6a805be6092f87ae (3668) [command_finish]> push --to master exited 0 after 3.67 seconds
2024/12/03 21:58:12 abizer @(unknown) (3844) [command]> blame /Users/abizer/projects/tkc/src/tkc/web.py -Tjson --change --rev 4c1ef830fa009743043f8f9e81b0fbd775307313 --noninteractive
2024/12/03 21:58:20 abizer @b3e82d1e469a659985ac899e6a805be6092f87ae (3844) [visibility]> read 1 heads: b3e82d1e469a
2024/12/03 21:58:20 abizer @b3e82d1e469a659985ac899e6a805be6092f87ae (3844) [visibility]> read 1 heads: b3e82d1e469a
2024/12/03 21:58:20 abizer @b3e82d1e469a659985ac899e6a805be6092f87ae (3844) [command_finish]> blame /Users/abizer/projects/tkc/src/tkc/web.py -Tjson --change --rev 4c1ef830fa009743043f8f9e81b0fbd775307313 --noninteractive exited -1 after 7.72 seconds
2024/12/03 22:10:39 abizer @(unknown) (4908) [command]> blame /Users/abizer/projects/tkc/pyproject.toml -Tjson --change --rev 4c1ef830fa009743043f8f9e81b0fbd775307313 --noninteractive
2024/12/03 22:10:43 abizer @b3e82d1e469a659985ac899e6a805be6092f87ae (4908) [visibility]> read 0 heads: 
2024/12/03 22:10:43 abizer @b3e82d1e469a659985ac899e6a805be6092f87ae (4908) [visibility]> read 0 heads: 
2024/12/03 22:10:43 abizer @b3e82d1e469a659985ac899e6a805be6092f87ae (4908) [command_finish]> blame /Users/abizer/projects/tkc/pyproject.toml -Tjson --change --rev 4c1ef830fa009743043f8f9e81b0fbd775307313 --noninteractive exited -1 after 3.52 seconds
2024/12/03 22:11:59 abizer @(unknown) (5116) [command]> blame /Users/abizer/projects/tkc/LICENSE -Tjson --change --rev 4c1ef830fa009743043f8f9e81b0fbd775307313 --noninteractive
2024/12/03 22:12:03 abizer @b3e82d1e469a659985ac899e6a805be6092f87ae (5116) [visibility]> read 0 heads: 
2024/12/03 22:12:03 abizer @b3e82d1e469a659985ac899e6a805be6092f87ae (5116) [visibility]> read 0 heads: 
2024/12/03 22:12:03 abizer @b3e82d1e469a659985ac899e6a805be6092f87ae (5116) [command_finish]> blame /Users/abizer/projects/tkc/LICENSE -Tjson --change --rev 4c1ef830fa009743043f8f9e81b0fbd775307313 --noninteractive exited -1 after 3.68 seconds
2024/12/03 22:12:33 abizer @(unknown) (5190) [command]> addremove
2024/12/03 22:12:33 abizer @b3e82d1e469a659985ac899e6a805be6092f87ae (5190) [command_finish]> addremove exited 0 after 0.13 seconds
