2024/12/03 21:56:17 abizer @(unknown) (3480) [visibility]> read 0 heads: 
2024/12/03 21:56:17 abizer @(unknown) (3480) [command_finish]> init --git . exited 0 after 0.09 seconds
2024/12/03 21:56:31 abizer @(unknown) (3601) [command]> addremove
2024/12/03 21:56:31 abizer @0000000000000000000000000000000000000000 (3601) [command_finish]> addremove exited 0 after 0.13 seconds
2024/12/03 21:56:37 abizer @(unknown) (3627) [command]> commit -m 'initial commit'
2024/12/03 21:56:37 abizer @0000000000000000000000000000000000000000 (3627) [visibility]> read 0 heads: 
2024/12/03 21:56:37 abizer @0000000000000000000000000000000000000000 (3627) [visibility]> read 0 heads: 
2024/12/03 21:56:37 abizer @0000000000000000000000000000000000000000 (3627) [visibility]> removed 0 heads []; added 1 heads [b3e82d1e469a]
2024/12/03 21:56:37 abizer @b3e82d1e469a659985ac899e6a805be6092f87ae (3627) [visibility]> wrote 1 heads: b3e82d1e469a
2024/12/03 21:56:37 abizer @b3e82d1e469a659985ac899e6a805be6092f87ae (3627) [command_finish]> commit -m 'initial commit' exited 0 after 0.18 seconds
2024/12/03 21:56:41 abizer @(unknown) (3656) [command]> paths -a default 'git@github.com:abizer/tkc'
2024/12/03 21:56:41 abizer @(unknown) (3656) [command_finish]> paths -a default 'git@github.com:abizer/tkc' exited 0 after 0.05 seconds
2024/12/03 21:56:44 abizer @(unknown) (3668) [command]> push --to master
2024/12/03 21:56:47 abizer @b3e82d1e469a659985ac899e6a805be6092f87ae (3668) [visibility]> read 1 heads: b3e82d1e469a
2024/12/03 21:56:47 abizer @b3e82d1e469a659985ac899e6a805be6092f87ae (3668) [command_finish]> push --to master exited 0 after 3.67 seconds
2024/12/03 21:58:12 abizer @(unknown) (3844) [command]> blame /Users/abizer/projects/tkc/src/tkc/web.py -Tjson --change --rev 4c1ef830fa009743043f8f9e81b0fbd775307313 --noninteractive
2024/12/03 21:58:20 abizer @b3e82d1e469a659985ac899e6a805be6092f87ae (3844) [visibility]> read 1 heads: b3e82d1e469a
2024/12/03 21:58:20 abizer @b3e82d1e469a659985ac899e6a805be6092f87ae (3844) [visibility]> read 1 heads: b3e82d1e469a
2024/12/03 21:58:20 abizer @b3e82d1e469a659985ac899e6a805be6092f87ae (3844) [command_finish]> blame /Users/abizer/projects/tkc/src/tkc/web.py -Tjson --change --rev 4c1ef830fa009743043f8f9e81b0fbd775307313 --noninteractive exited -1 after 7.72 seconds
2024/12/03 22:10:39 abizer @(unknown) (4908) [command]> blame /Users/abizer/projects/tkc/pyproject.toml -Tjson --change --rev 4c1ef830fa009743043f8f9e81b0fbd775307313 --noninteractive
2024/12/03 22:10:43 abizer @b3e82d1e469a659985ac899e6a805be6092f87ae (4908) [visibility]> read 0 heads: 
2024/12/03 22:10:43 abizer @b3e82d1e469a659985ac899e6a805be6092f87ae (4908) [visibility]> read 0 heads: 
2024/12/03 22:10:43 abizer @b3e82d1e469a659985ac899e6a805be6092f87ae (4908) [command_finish]> blame /Users/abizer/projects/tkc/pyproject.toml -Tjson --change --rev 4c1ef830fa009743043f8f9e81b0fbd775307313 --noninteractive exited -1 after 3.52 seconds
2024/12/03 22:11:59 abizer @(unknown) (5116) [command]> blame /Users/abizer/projects/tkc/LICENSE -Tjson --change --rev 4c1ef830fa009743043f8f9e81b0fbd775307313 --noninteractive
2024/12/03 22:12:03 abizer @b3e82d1e469a659985ac899e6a805be6092f87ae (5116) [visibility]> read 0 heads: 
2024/12/03 22:12:03 abizer @b3e82d1e469a659985ac899e6a805be6092f87ae (5116) [visibility]> read 0 heads: 
2024/12/03 22:12:03 abizer @b3e82d1e469a659985ac899e6a805be6092f87ae (5116) [command_finish]> blame /Users/abizer/projects/tkc/LICENSE -Tjson --change --rev 4c1ef830fa009743043f8f9e81b0fbd775307313 --noninteractive exited -1 after 3.68 seconds
2024/12/03 22:12:33 abizer @(unknown) (5190) [command]> addremove
2024/12/03 22:12:33 abizer @b3e82d1e469a659985ac899e6a805be6092f87ae (5190) [command_finish]> addremove exited 0 after 0.13 seconds
2024/12/03 22:15:47 abizer @(unknown) (5571) [command]> blame /Users/abizer/projects/tkc/pyproject.toml -Tjson --change --rev 4c1ef830fa009743043f8f9e81b0fbd775307313 --noninteractive
2024/12/03 22:15:50 abizer @b3e82d1e469a659985ac899e6a805be6092f87ae (5571) [visibility]> read 0 heads: 
2024/12/03 22:15:50 abizer @b3e82d1e469a659985ac899e6a805be6092f87ae (5571) [visibility]> read 0 heads: 
2024/12/03 22:15:50 abizer @b3e82d1e469a659985ac899e6a805be6092f87ae (5571) [command_finish]> blame /Users/abizer/projects/tkc/pyproject.toml -Tjson --change --rev 4c1ef830fa009743043f8f9e81b0fbd775307313 --noninteractive exited -1 after 3.30 seconds
2024/12/03 22:16:15 abizer @(unknown) (5651) [command]> commit -m fixes
2024/12/03 22:16:15 abizer @b3e82d1e469a659985ac899e6a805be6092f87ae (5651) [visibility]> read 0 heads: 
2024/12/03 22:16:15 abizer @b3e82d1e469a659985ac899e6a805be6092f87ae (5651) [visibility]> read 0 heads: 
2024/12/03 22:16:15 abizer @b3e82d1e469a659985ac899e6a805be6092f87ae (5651) [visibility]> removed 0 heads []; added 1 heads [5c1a55408fdf]
2024/12/03 22:16:15 abizer @5c1a55408fdfec3481597ce4c9bb59516295abaa (5651) [visibility]> wrote 1 heads: 5c1a55408fdf
2024/12/03 22:16:15 abizer @5c1a55408fdfec3481597ce4c9bb59516295abaa (5651) [command_finish]> commit -m fixes exited 0 after 0.17 seconds
2024/12/03 22:16:16 abizer @(unknown) (5673) [command]> blame /Users/abizer/projects/tkc/pyproject.toml -Tjson --change --rev 5c1a55408fdfec3481597ce4c9bb59516295abaa --noninteractive
2024/12/03 22:16:16 abizer @5c1a55408fdfec3481597ce4c9bb59516295abaa (5673) [command_finish]> blame /Users/abizer/projects/tkc/pyproject.toml -Tjson --change --rev 5c1a55408fdfec3481597ce4c9bb59516295abaa --noninteractive exited 0 after 0.06 seconds
2024/12/03 22:16:17 abizer @(unknown) (5685) [command]> push --to master
2024/12/03 22:16:19 abizer @5c1a55408fdfec3481597ce4c9bb59516295abaa (5685) [visibility]> read 1 heads: 5c1a55408fdf
2024/12/03 22:16:19 abizer @5c1a55408fdfec3481597ce4c9bb59516295abaa (5685) [command_finish]> push --to master exited 0 after 2.00 seconds
2024/12/03 22:20:58 abizer @(unknown) (6512) [command]> commit -m 'add missing tabulate in pyproject.toml'
2024/12/03 22:20:58 abizer @5c1a55408fdfec3481597ce4c9bb59516295abaa (6512) [visibility]> read 1 heads: 5c1a55408fdf
2024/12/03 22:20:58 abizer @5c1a55408fdfec3481597ce4c9bb59516295abaa (6512) [visibility]> read 0 heads: 
2024/12/03 22:20:58 abizer @5c1a55408fdfec3481597ce4c9bb59516295abaa (6512) [visibility]> removed 0 heads []; added 1 heads [d95d16632caf]
2024/12/03 22:20:58 abizer @d95d16632caf0131a247038090e24e132de6184d (6512) [visibility]> wrote 1 heads: d95d16632caf
2024/12/03 22:20:58 abizer @d95d16632caf0131a247038090e24e132de6184d (6512) [command_finish]> commit -m 'add missing tabulate in pyproject.toml' exited 0 after 0.21 seconds
2024/12/03 22:21:10 abizer @(unknown) (6561) [command]> push --to master
2024/12/03 22:21:12 abizer @d95d16632caf0131a247038090e24e132de6184d (6561) [visibility]> read 1 heads: d95d16632caf
2024/12/03 22:21:12 abizer @d95d16632caf0131a247038090e24e132de6184d (6561) [command_finish]> push --to master exited 0 after 2.14 seconds
2024/12/03 22:21:44 abizer @(unknown) (6695) [command]> commit -m 'bump version'
2024/12/03 22:21:44 abizer @d95d16632caf0131a247038090e24e132de6184d (6695) [visibility]> read 1 heads: d95d16632caf
2024/12/03 22:21:44 abizer @d95d16632caf0131a247038090e24e132de6184d (6695) [visibility]> read 0 heads: 
2024/12/03 22:21:44 abizer @d95d16632caf0131a247038090e24e132de6184d (6695) [visibility]> removed 0 heads []; added 1 heads [75ecd9ce1448]
2024/12/03 22:21:44 abizer @75ecd9ce144843894e78964539ef1281aaec15d8 (6695) [visibility]> wrote 1 heads: 75ecd9ce1448
2024/12/03 22:21:44 abizer @75ecd9ce144843894e78964539ef1281aaec15d8 (6695) [command_finish]> commit -m 'bump version' exited 0 after 0.17 seconds
2024/12/03 22:21:48 abizer @(unknown) (6722) [command]> push
2024/12/03 22:21:50 abizer @75ecd9ce144843894e78964539ef1281aaec15d8 (6722) [visibility]> read 1 heads: 75ecd9ce1448
2024/12/03 22:21:50 abizer @75ecd9ce144843894e78964539ef1281aaec15d8 (6722) [command_finish]> push exited 0 after 2.15 seconds
2024/12/03 22:22:20 abizer @(unknown) (6847) [command]> blame /Users/abizer/projects/tkc/justfile -Tjson --change --rev 5c1a55408fdfec3481597ce4c9bb59516295abaa --noninteractive
2024/12/03 22:22:20 abizer @75ecd9ce144843894e78964539ef1281aaec15d8 (6847) [command_finish]> blame /Users/abizer/projects/tkc/justfile -Tjson --change --rev 5c1a55408fdfec3481597ce4c9bb59516295abaa --noninteractive exited 0 after 0.06 seconds
