2024-12-06 22:12:12,084 - INFO - Processing request of type ListResourcesRequest
2024-12-06 22:12:12,689 - INFO - Processing request of type ListToolsRequest
2024-12-06 22:12:12,691 - INFO - Processing request of type ListPromptsRequest
2024-12-06 22:12:17,089 - INFO - Processing request of type ListResourcesRequest
2024-12-06 22:12:18,101 - INFO - Processing request of type ListPromptsRequest
2024-12-06 22:12:20,612 - INFO - Processing request of type ListResourcesRequest
2024-12-06 22:12:21,007 - INFO - Processing request of type ListPromptsRequest
2024-12-06 22:12:24,898 - INFO - Processing request of type CallToolRequest
2024-12-06 22:12:25,838 - INFO - Processing request of type ListResourcesRequest
2024-12-06 22:12:26,241 - INFO - Processing request of type ListPromptsRequest
2024-12-06 22:12:30,623 - INFO - Processing request of type ListResourcesRequest
2024-12-06 22:12:31,001 - INFO - Processing request of type ListPromptsRequest
2024-12-06 22:12:35,613 - INFO - Processing request of type ListResourcesRequest
2024-12-06 22:12:40,287 - INFO - Processing request of type ListPromptsRequest
2024-12-06 22:12:40,617 - INFO - Processing request of type ListResourcesRequest
2024-12-06 22:12:41,011 - INFO - Processing request of type ListPromptsRequest
2024-12-06 22:12:45,621 - INFO - Processing request of type ListResourcesRequest
2024-12-06 22:12:46,081 - INFO - Processing request of type ListPromptsRequest
2024-12-06 22:12:50,618 - INFO - Processing request of type ListResourcesRequest
2024-12-06 22:12:51,032 - INFO - Processing request of type ListPromptsRequest
2024-12-06 22:12:55,621 - INFO - Processing request of type ListResourcesRequest
2024-12-06 22:12:55,992 - INFO - Processing request of type ListPromptsRequest
2024-12-06 22:13:00,621 - INFO - Processing request of type ListResourcesRequest
2024-12-06 22:13:05,205 - INFO - Processing request of type CallToolRequest
2024-12-06 22:13:05,205 - INFO - edit is: [{'video_id': '48310b2a-5eaa-424b-bd1b-ed2c3a5a10d1', 'video_start_time': '00:00:00.000', 'video_end_time': '00:00:05.760'}, {'video_id': '12c4ef4c-fef6-42dc-abd6-370b95ff6fae', 'video_start_time': '00:00:00.000', 'video_end_time': '00:00:27.067'}, {'video_id': 'c59248ec-405e-4051-b872-a4dbde6a1442', 'video_start_time': '00:00:00.000', 'video_end_time': '00:00:36.900'}, {'video_id': 'cd8712db-ac65-4a90-9f6b-5633e448d58f', 'video_start_time': '00:00:00.000', 'video_end_time': '00:00:38.080'}] and the type is: <class 'list'>
2024-12-06 22:13:05,206 - INFO - updated edit is: [{'video_id': '48310b2a-5eaa-424b-bd1b-ed2c3a5a10d1', 'video_start_time': '00:00:00.000', 'video_end_time': '00:00:05.760', 'type': 'videofile', 'audio_levels': [{'audio_level': '0.5', 'start_time': '00:00:00.000', 'end_time': '00:00:05.760'}]}, {'video_id': '12c4ef4c-fef6-42dc-abd6-370b95ff6fae', 'video_start_time': '00:00:00.000', 'video_end_time': '00:00:27.067', 'type': 'videofile', 'audio_levels': [{'audio_level': '0.5', 'start_time': '00:00:00.000', 'end_time': '00:00:27.067'}]}, {'video_id': 'c59248ec-405e-4051-b872-a4dbde6a1442', 'video_start_time': '00:00:00.000', 'video_end_time': '00:00:36.900', 'type': 'videofile', 'audio_levels': [{'audio_level': '0.5', 'start_time': '00:00:00.000', 'end_time': '00:00:36.900'}]}, {'video_id': 'cd8712db-ac65-4a90-9f6b-5633e448d58f', 'video_start_time': '00:00:00.000', 'video_end_time': '00:00:38.080', 'type': 'videofile', 'audio_levels': [{'audio_level': '0.5', 'start_time': '00:00:00.000', 'end_time': '00:00:38.080'}]}]
2024-12-06 22:13:10,445 - INFO - video edit is: {'video_edit_version': '1.0', 'video_output_format': 'mp4', 'video_output_resolution': '1080x1920', 'video_output_fps': 30.0, 'video_output_filename': 'output_video.mp4', 'video_series_sequential': [{'video_id': '48310b2a-5eaa-424b-bd1b-ed2c3a5a10d1', 'video_start_time': '00:00:00.000', 'video_end_time': '00:00:05.760', 'type': 'videofile', 'audio_levels': [{'audio_level': '0.5', 'start_time': '00:00:00.000', 'end_time': '00:00:05.760'}]}, {'video_id': '12c4ef4c-fef6-42dc-abd6-370b95ff6fae', 'video_start_time': '00:00:00.000', 'video_end_time': '00:00:27.067', 'type': 'videofile', 'audio_levels': [{'audio_level': '0.5', 'start_time': '00:00:00.000', 'end_time': '00:00:27.067'}]}, {'video_id': 'c59248ec-405e-4051-b872-a4dbde6a1442', 'video_start_time': '00:00:00.000', 'video_end_time': '00:00:36.900', 'type': 'videofile', 'audio_levels': [{'audio_level': '0.5', 'start_time': '00:00:00.000', 'end_time': '00:00:36.900'}]}, {'video_id': 'cd8712db-ac65-4a90-9f6b-5633e448d58f', 'video_start_time': '00:00:00.000', 'video_end_time': '00:00:38.080', 'type': 'videofile', 'audio_levels': [{'audio_level': '0.5', 'start_time': '00:00:00.000', 'end_time': '00:00:38.080'}]}]}
2024-12-06 22:13:10,696 - INFO - Processing request of type ListResourcesRequest
2024-12-06 22:21:26,667 - INFO - Processing request of type ListResourcesRequest
2024-12-06 22:21:27,158 - INFO - Processing request of type ListToolsRequest
2024-12-06 22:21:27,161 - INFO - Processing request of type ListPromptsRequest
2024-12-06 22:21:31,669 - INFO - Processing request of type ListResourcesRequest
2024-12-06 22:21:32,066 - INFO - Processing request of type ListPromptsRequest
2024-12-06 22:21:36,070 - INFO - Processing request of type ListResourcesRequest
2024-12-06 22:21:36,470 - INFO - Processing request of type ListPromptsRequest
2024-12-06 22:21:39,773 - INFO - Processing request of type CallToolRequest
2024-12-06 22:21:41,079 - INFO - Processing request of type ListResourcesRequest
2024-12-06 22:21:41,485 - INFO - Processing request of type ListPromptsRequest
2024-12-06 22:21:46,080 - INFO - Processing request of type ListResourcesRequest
2024-12-06 22:21:46,469 - INFO - Processing request of type ListPromptsRequest
2024-12-06 22:21:51,072 - INFO - Processing request of type ListResourcesRequest
2024-12-06 22:21:51,462 - INFO - Processing request of type ListPromptsRequest
2024-12-06 22:21:56,072 - INFO - Processing request of type ListResourcesRequest
2024-12-06 22:21:56,558 - INFO - Processing request of type ListPromptsRequest
2024-12-06 22:22:01,076 - INFO - Processing request of type ListResourcesRequest
2024-12-06 22:22:01,490 - INFO - Processing request of type ListPromptsRequest
2024-12-06 22:22:06,077 - INFO - Processing request of type ListResourcesRequest
2024-12-06 22:22:06,473 - INFO - Processing request of type ListPromptsRequest
2024-12-06 22:22:11,072 - INFO - Processing request of type ListResourcesRequest
2024-12-06 22:22:11,455 - INFO - Processing request of type ListPromptsRequest
2024-12-06 22:22:16,078 - INFO - Processing request of type ListResourcesRequest
2024-12-06 22:22:16,515 - INFO - Processing request of type ListPromptsRequest
2024-12-06 22:22:21,085 - INFO - Processing request of type ListResourcesRequest
2024-12-06 22:22:21,479 - INFO - Processing request of type ListPromptsRequest
2024-12-06 22:22:26,024 - INFO - Processing request of type CallToolRequest
2024-12-06 22:22:26,025 - INFO - edit is: [{'video_id': '48310b2a-5eaa-424b-bd1b-ed2c3a5a10d1', 'video_start_time': '00:00:00.000', 'video_end_time': '00:00:05.000'}, {'video_id': '12c4ef4c-fef6-42dc-abd6-370b95ff6fae', 'video_start_time': '00:00:00.000', 'video_end_time': '00:00:05.000'}, {'video_id': 'cd8712db-ac65-4a90-9f6b-5633e448d58f', 'video_start_time': '00:00:33.000', 'video_end_time': '00:00:38.000'}] and the type is: <class 'list'>
2024-12-06 22:22:26,025 - INFO - updated edit is: [{'video_id': '48310b2a-5eaa-424b-bd1b-ed2c3a5a10d1', 'video_start_time': '00:00:00.000', 'video_end_time': '00:00:05.000', 'type': 'videofile', 'audio_overlay': [], 'audio_levels': [{'audio_level': '0.5', 'start_time': '00:00:00.000', 'end_time': '00:00:05.000'}]}, {'video_id': '12c4ef4c-fef6-42dc-abd6-370b95ff6fae', 'video_start_time': '00:00:00.000', 'video_end_time': '00:00:05.000', 'type': 'videofile', 'audio_overlay': [], 'audio_levels': [{'audio_level': '0.5', 'start_time': '00:00:00.000', 'end_time': '00:00:05.000'}]}, {'video_id': 'cd8712db-ac65-4a90-9f6b-5633e448d58f', 'video_start_time': '00:00:33.000', 'video_end_time': '00:00:38.000', 'type': 'videofile', 'audio_overlay': [], 'audio_levels': [{'audio_level': '0.5', 'start_time': '00:00:33.000', 'end_time': '00:00:38.000'}]}]
2024-12-06 22:22:27,267 - INFO - video edit is: {'video_edit_version': '1.0', 'video_output_format': 'mp4', 'video_output_resolution': '1080x1920', 'video_output_fps': 30.0, 'video_output_filename': 'output_video.mp4', 'video_series_sequential': [{'video_id': '48310b2a-5eaa-424b-bd1b-ed2c3a5a10d1', 'video_start_time': '00:00:00.000', 'video_end_time': '00:00:05.000', 'type': 'videofile', 'audio_overlay': [], 'audio_levels': [{'audio_level': '0.5', 'start_time': '00:00:00.000', 'end_time': '00:00:05.000'}]}, {'video_id': '12c4ef4c-fef6-42dc-abd6-370b95ff6fae', 'video_start_time': '00:00:00.000', 'video_end_time': '00:00:05.000', 'type': 'videofile', 'audio_overlay': [], 'audio_levels': [{'audio_level': '0.5', 'start_time': '00:00:00.000', 'end_time': '00:00:05.000'}]}, {'video_id': 'cd8712db-ac65-4a90-9f6b-5633e448d58f', 'video_start_time': '00:00:33.000', 'video_end_time': '00:00:38.000', 'type': 'videofile', 'audio_overlay': [], 'audio_levels': [{'audio_level': '0.5', 'start_time': '00:00:33.000', 'end_time': '00:00:38.000'}]}]}
2024-12-06 22:22:27,481 - INFO - Processing request of type ListResourcesRequest
2024-12-06 22:22:27,852 - INFO - Processing request of type ListPromptsRequest
2024-12-06 22:22:31,080 - INFO - Processing request of type ListResourcesRequest
2024-12-06 22:22:31,470 - INFO - Processing request of type ListPromptsRequest
2024-12-06 22:22:32,625 - INFO - Processing request of type CallToolRequest
2024-12-06 22:22:32,625 - INFO - edit is: [{'video_id': '48310b2a-5eaa-424b-bd1b-ed2c3a5a10d1', 'video_start_time': '0', 'video_end_time': '5'}, {'video_id': '12c4ef4c-fef6-42dc-abd6-370b95ff6fae', 'video_start_time': '0', 'video_end_time': '5'}, {'video_id': 'cd8712db-ac65-4a90-9f6b-5633e448d58f', 'video_start_time': '33', 'video_end_time': '38'}] and the type is: <class 'list'>
2024-12-06 22:22:32,625 - INFO - updated edit is: [{'video_id': '48310b2a-5eaa-424b-bd1b-ed2c3a5a10d1', 'video_start_time': '0', 'video_end_time': '5', 'type': 'videofile', 'audio_overlay': [], 'audio_levels': [{'audio_level': '0.5', 'start_time': '0', 'end_time': '5'}]}, {'video_id': '12c4ef4c-fef6-42dc-abd6-370b95ff6fae', 'video_start_time': '0', 'video_end_time': '5', 'type': 'videofile', 'audio_overlay': [], 'audio_levels': [{'audio_level': '0.5', 'start_time': '0', 'end_time': '5'}]}, {'video_id': 'cd8712db-ac65-4a90-9f6b-5633e448d58f', 'video_start_time': '33', 'video_end_time': '38', 'type': 'videofile', 'audio_overlay': [], 'audio_levels': [{'audio_level': '0.5', 'start_time': '33', 'end_time': '38'}]}]
2024-12-06 22:22:33,758 - INFO - video edit is: {'video_edit_version': '1.0', 'video_output_format': 'mp4', 'video_output_resolution': '1080x1920', 'video_output_fps': 30.0, 'video_output_filename': 'output_video.mp4', 'video_series_sequential': [{'video_id': '48310b2a-5eaa-424b-bd1b-ed2c3a5a10d1', 'video_start_time': '0', 'video_end_time': '5', 'type': 'videofile', 'audio_overlay': [], 'audio_levels': [{'audio_level': '0.5', 'start_time': '0', 'end_time': '5'}]}, {'video_id': '12c4ef4c-fef6-42dc-abd6-370b95ff6fae', 'video_start_time': '0', 'video_end_time': '5', 'type': 'videofile', 'audio_overlay': [], 'audio_levels': [{'audio_level': '0.5', 'start_time': '0', 'end_time': '5'}]}, {'video_id': 'cd8712db-ac65-4a90-9f6b-5633e448d58f', 'video_start_time': '33', 'video_end_time': '38', 'type': 'videofile', 'audio_overlay': [], 'audio_levels': [{'audio_level': '0.5', 'start_time': '33', 'end_time': '38'}]}]}
2024-12-06 22:22:36,087 - INFO - Processing request of type ListResourcesRequest
2024-12-06 22:22:36,490 - INFO - Processing request of type ListPromptsRequest
2024-12-06 22:22:41,922 - INFO - Processing request of type ListResourcesRequest
2024-12-06 22:22:42,330 - INFO - Processing request of type ListPromptsRequest
2024-12-06 22:22:46,919 - INFO - Processing request of type ListResourcesRequest
2024-12-06 22:22:47,368 - INFO - Processing request of type ListPromptsRequest
2024-12-06 22:22:51,921 - INFO - Processing request of type ListResourcesRequest
2024-12-06 22:22:52,359 - INFO - Processing request of type ListPromptsRequest
2024-12-06 22:22:56,586 - INFO - Processing request of type ListResourcesRequest
2024-12-06 22:22:57,198 - INFO - Processing request of type ListPromptsRequest
2024-12-06 22:23:01,081 - INFO - Processing request of type ListResourcesRequest
2024-12-06 22:23:01,553 - INFO - Processing request of type ListPromptsRequest
2024-12-06 22:23:06,918 - INFO - Processing request of type ListResourcesRequest
2024-12-06 22:23:07,307 - INFO - Processing request of type ListPromptsRequest
2024-12-06 22:23:11,917 - INFO - Processing request of type ListResourcesRequest
2024-12-06 22:23:12,300 - INFO - Processing request of type ListPromptsRequest
2024-12-06 22:23:16,910 - INFO - Processing request of type ListResourcesRequest
2024-12-06 22:23:17,321 - INFO - Processing request of type ListPromptsRequest
2024-12-06 22:23:21,921 - INFO - Processing request of type ListResourcesRequest
2024-12-06 22:23:22,335 - INFO - Processing request of type ListPromptsRequest
2024-12-06 22:23:27,056 - INFO - Processing request of type ListResourcesRequest
2024-12-06 22:23:27,481 - INFO - Processing request of type ListPromptsRequest
2024-12-06 22:23:31,921 - INFO - Processing request of type ListResourcesRequest
2024-12-06 22:23:32,290 - INFO - Processing request of type ListPromptsRequest
2024-12-06 22:23:36,916 - INFO - Processing request of type ListResourcesRequest
2024-12-06 22:23:37,324 - INFO - Processing request of type ListPromptsRequest
2024-12-06 22:23:41,924 - INFO - Processing request of type ListResourcesRequest
2024-12-06 22:23:42,328 - INFO - Processing request of type ListPromptsRequest
2024-12-06 22:23:46,920 - INFO - Processing request of type ListResourcesRequest
2024-12-06 22:23:47,331 - INFO - Processing request of type ListPromptsRequest
2024-12-06 22:23:51,921 - INFO - Processing request of type ListResourcesRequest
2024-12-06 22:23:52,324 - INFO - Processing request of type ListPromptsRequest
2024-12-06 22:23:56,926 - INFO - Processing request of type ListResourcesRequest
2024-12-06 22:23:57,305 - INFO - Processing request of type ListPromptsRequest
2024-12-06 22:24:01,921 - INFO - Processing request of type ListResourcesRequest
2024-12-06 22:24:02,308 - INFO - Processing request of type ListPromptsRequest
2024-12-06 22:24:06,082 - INFO - Processing request of type ListResourcesRequest
2024-12-06 22:24:06,609 - INFO - Processing request of type ListPromptsRequest
2024-12-06 22:24:12,985 - INFO - Processing request of type ListResourcesRequest
2024-12-06 22:24:13,453 - INFO - Processing request of type ListToolsRequest
2024-12-06 22:24:13,455 - INFO - Processing request of type ListPromptsRequest
2024-12-06 22:24:17,969 - INFO - Processing request of type ListResourcesRequest
2024-12-06 22:24:18,355 - INFO - Processing request of type ListPromptsRequest
2024-12-06 22:24:22,888 - INFO - Processing request of type ListResourcesRequest
2024-12-06 22:24:23,253 - INFO - Processing request of type ListPromptsRequest
2024-12-06 22:24:26,776 - INFO - Processing request of type CallToolRequest
2024-12-06 22:24:27,896 - INFO - Processing request of type ListResourcesRequest
2024-12-06 22:24:28,278 - INFO - Processing request of type ListPromptsRequest
2024-12-06 22:24:32,898 - INFO - Processing request of type ListResourcesRequest
2024-12-06 22:24:33,296 - INFO - Processing request of type ListPromptsRequest
2024-12-06 22:24:37,889 - INFO - Processing request of type ListResourcesRequest
2024-12-06 22:24:38,334 - INFO - Processing request of type ListPromptsRequest
2024-12-06 22:24:42,895 - INFO - Processing request of type ListResourcesRequest
2024-12-06 22:24:43,270 - INFO - Processing request of type ListPromptsRequest
2024-12-06 22:24:47,892 - INFO - Processing request of type ListResourcesRequest
2024-12-06 22:24:48,276 - INFO - Processing request of type ListPromptsRequest
2024-12-06 22:24:52,890 - INFO - Processing request of type ListResourcesRequest
2024-12-06 22:24:53,314 - INFO - Processing request of type ListPromptsRequest
2024-12-06 22:24:57,890 - INFO - Processing request of type ListResourcesRequest
2024-12-06 22:24:58,317 - INFO - Processing request of type ListPromptsRequest
2024-12-06 22:25:02,894 - INFO - Processing request of type ListResourcesRequest
2024-12-06 22:25:03,338 - INFO - Processing request of type ListPromptsRequest
2024-12-06 22:25:07,907 - INFO - Processing request of type ListResourcesRequest
2024-12-06 22:25:08,270 - INFO - Processing request of type ListPromptsRequest
2024-12-06 22:25:12,900 - INFO - Processing request of type ListResourcesRequest
2024-12-06 22:25:13,277 - INFO - Processing request of type ListPromptsRequest
2024-12-06 22:25:15,062 - INFO - Processing request of type CallToolRequest
2024-12-06 22:25:15,062 - INFO - edit is: [{'video_id': '48310b2a-5eaa-424b-bd1b-ed2c3a5a10d1', 'video_start_time': '00:00:00.000', 'video_end_time': '00:00:05.000'}, {'video_id': '12c4ef4c-fef6-42dc-abd6-370b95ff6fae', 'video_start_time': '00:00:00.000', 'video_end_time': '00:00:05.000'}, {'video_id': 'c59248ec-405e-4051-b872-a4dbde6a1442', 'video_start_time': '00:00:00.000', 'video_end_time': '00:00:05.000'}, {'video_id': 'cd8712db-ac65-4a90-9f6b-5633e448d58f', 'video_start_time': '00:00:06.000', 'video_end_time': '00:00:11.000'}, {'video_id': 'cd8712db-ac65-4a90-9f6b-5633e448d58f', 'video_start_time': '00:00:33.000', 'video_end_time': '00:00:38.000'}] and the type is: <class 'list'>
2024-12-06 22:25:15,062 - INFO - updated edit is: [{'video_id': '48310b2a-5eaa-424b-bd1b-ed2c3a5a10d1', 'video_start_time': '00:00:00.000', 'video_end_time': '00:00:05.000', 'type': 'videofile', 'audio_levels': [{'audio_level': '0.5', 'start_time': '00:00:00.000', 'end_time': '00:00:05.000'}]}, {'video_id': '12c4ef4c-fef6-42dc-abd6-370b95ff6fae', 'video_start_time': '00:00:00.000', 'video_end_time': '00:00:05.000', 'type': 'videofile', 'audio_levels': [{'audio_level': '0.5', 'start_time': '00:00:00.000', 'end_time': '00:00:05.000'}]}, {'video_id': 'c59248ec-405e-4051-b872-a4dbde6a1442', 'video_start_time': '00:00:00.000', 'video_end_time': '00:00:05.000', 'type': 'videofile', 'audio_levels': [{'audio_level': '0.5', 'start_time': '00:00:00.000', 'end_time': '00:00:05.000'}]}, {'video_id': 'cd8712db-ac65-4a90-9f6b-5633e448d58f', 'video_start_time': '00:00:06.000', 'video_end_time': '00:00:11.000', 'type': 'videofile', 'audio_levels': [{'audio_level': '0.5', 'start_time': '00:00:06.000', 'end_time': '00:00:11.000'}]}, {'video_id': 'cd8712db-ac65-4a90-9f6b-5633e448d58f', 'video_start_time': '00:00:33.000', 'video_end_time': '00:00:38.000', 'type': 'videofile', 'audio_levels': [{'audio_level': '0.5', 'start_time': '00:00:33.000', 'end_time': '00:00:38.000'}]}]
2024-12-06 22:25:16,270 - INFO - video edit is: {'video_edit_version': '1.0', 'video_output_format': 'mp4', 'video_output_resolution': '1080x1920', 'video_output_fps': 30.0, 'video_output_filename': 'output_video.mp4', 'audio_overlay': [], 'video_series_sequential': [{'video_id': '48310b2a-5eaa-424b-bd1b-ed2c3a5a10d1', 'video_start_time': '00:00:00.000', 'video_end_time': '00:00:05.000', 'type': 'videofile', 'audio_levels': [{'audio_level': '0.5', 'start_time': '00:00:00.000', 'end_time': '00:00:05.000'}]}, {'video_id': '12c4ef4c-fef6-42dc-abd6-370b95ff6fae', 'video_start_time': '00:00:00.000', 'video_end_time': '00:00:05.000', 'type': 'videofile', 'audio_levels': [{'audio_level': '0.5', 'start_time': '00:00:00.000', 'end_time': '00:00:05.000'}]}, {'video_id': 'c59248ec-405e-4051-b872-a4dbde6a1442', 'video_start_time': '00:00:00.000', 'video_end_time': '00:00:05.000', 'type': 'videofile', 'audio_levels': [{'audio_level': '0.5', 'start_time': '00:00:00.000', 'end_time': '00:00:05.000'}]}, {'video_id': 'cd8712db-ac65-4a90-9f6b-5633e448d58f', 'video_start_time': '00:00:06.000', 'video_end_time': '00:00:11.000', 'type': 'videofile', 'audio_levels': [{'audio_level': '0.5', 'start_time': '00:00:06.000', 'end_time': '00:00:11.000'}]}, {'video_id': 'cd8712db-ac65-4a90-9f6b-5633e448d58f', 'video_start_time': '00:00:33.000', 'video_end_time': '00:00:38.000', 'type': 'videofile', 'audio_levels': [{'audio_level': '0.5', 'start_time': '00:00:33.000', 'end_time': '00:00:38.000'}]}]}
2024-12-06 22:25:18,519 - INFO - Processing request of type ListResourcesRequest
2024-12-06 22:25:18,971 - INFO - Processing request of type ListPromptsRequest
2024-12-06 22:25:22,938 - INFO - Processing request of type ListResourcesRequest
2024-12-06 22:25:23,325 - INFO - Processing request of type ListPromptsRequest
2024-12-06 22:25:27,906 - INFO - Processing request of type ListResourcesRequest
2024-12-06 22:25:28,314 - INFO - Processing request of type ListPromptsRequest
2024-12-06 22:25:32,893 - INFO - Processing request of type ListResourcesRequest
2024-12-06 22:25:33,300 - INFO - Processing request of type ListPromptsRequest
2024-12-06 22:25:37,893 - INFO - Processing request of type ListResourcesRequest
2024-12-06 22:25:38,295 - INFO - Processing request of type ListPromptsRequest
2024-12-06 22:25:42,890 - INFO - Processing request of type ListResourcesRequest
2024-12-06 22:25:43,261 - INFO - Processing request of type ListPromptsRequest
2024-12-06 22:25:47,890 - INFO - Processing request of type ListResourcesRequest
2024-12-06 22:25:48,274 - INFO - Processing request of type ListPromptsRequest
2024-12-06 22:25:52,890 - INFO - Processing request of type ListResourcesRequest
2024-12-06 22:25:53,308 - INFO - Processing request of type ListPromptsRequest
2024-12-06 22:25:57,891 - INFO - Processing request of type ListResourcesRequest
2024-12-06 22:25:58,273 - INFO - Processing request of type ListPromptsRequest
2024-12-06 22:26:02,892 - INFO - Processing request of type ListResourcesRequest
2024-12-06 22:26:03,340 - INFO - Processing request of type ListPromptsRequest
2024-12-06 22:26:07,890 - INFO - Processing request of type ListResourcesRequest
2024-12-06 22:26:08,363 - INFO - Processing request of type ListPromptsRequest
2024-12-06 22:26:12,891 - INFO - Processing request of type ListResourcesRequest
2024-12-06 22:26:13,376 - INFO - Processing request of type ListPromptsRequest
2024-12-06 22:26:17,910 - INFO - Processing request of type ListResourcesRequest
2024-12-06 22:26:18,298 - INFO - Processing request of type ListPromptsRequest
2024-12-06 22:26:22,906 - INFO - Processing request of type ListResourcesRequest
2024-12-06 22:26:23,307 - INFO - Processing request of type ListPromptsRequest
2024-12-06 22:26:27,907 - INFO - Processing request of type ListResourcesRequest
2024-12-06 22:26:28,431 - INFO - Processing request of type ListPromptsRequest
2024-12-06 22:26:32,904 - INFO - Processing request of type ListResourcesRequest
2024-12-06 22:26:33,288 - INFO - Processing request of type ListPromptsRequest
2024-12-06 22:26:37,907 - INFO - Processing request of type ListResourcesRequest
2024-12-06 22:26:38,342 - INFO - Processing request of type ListPromptsRequest
2024-12-06 22:26:42,905 - INFO - Processing request of type ListResourcesRequest
2024-12-06 22:26:43,275 - INFO - Processing request of type ListPromptsRequest
2024-12-06 22:26:47,891 - INFO - Processing request of type ListResourcesRequest
2024-12-06 22:26:48,297 - INFO - Processing request of type ListPromptsRequest
2024-12-06 22:26:52,892 - INFO - Processing request of type ListResourcesRequest
2024-12-06 22:26:53,304 - INFO - Processing request of type ListPromptsRequest
2024-12-06 22:26:57,893 - INFO - Processing request of type ListResourcesRequest
2024-12-06 22:26:58,294 - INFO - Processing request of type ListPromptsRequest
2024-12-06 22:27:02,893 - INFO - Processing request of type ListResourcesRequest
2024-12-06 22:27:03,298 - INFO - Processing request of type ListPromptsRequest
2024-12-06 22:27:07,894 - INFO - Processing request of type ListResourcesRequest
2024-12-06 22:27:08,331 - INFO - Processing request of type ListPromptsRequest
2024-12-06 22:27:12,893 - INFO - Processing request of type ListResourcesRequest
2024-12-06 22:27:13,304 - INFO - Processing request of type ListPromptsRequest
2024-12-06 22:27:17,891 - INFO - Processing request of type ListResourcesRequest
2024-12-06 22:27:18,310 - INFO - Processing request of type ListPromptsRequest
2024-12-06 22:27:22,893 - INFO - Processing request of type ListResourcesRequest
2024-12-06 22:27:23,300 - INFO - Processing request of type ListPromptsRequest
2024-12-06 22:27:27,893 - INFO - Processing request of type ListResourcesRequest
2024-12-06 22:27:28,328 - INFO - Processing request of type ListPromptsRequest
2024-12-06 22:27:32,900 - INFO - Processing request of type ListResourcesRequest
2024-12-06 22:27:33,298 - INFO - Processing request of type ListPromptsRequest
2024-12-06 22:27:37,893 - INFO - Processing request of type ListResourcesRequest
2024-12-06 22:27:38,337 - INFO - Processing request of type ListPromptsRequest
2024-12-06 22:27:42,892 - INFO - Processing request of type ListResourcesRequest
2024-12-06 22:27:43,276 - INFO - Processing request of type ListPromptsRequest
2024-12-06 22:27:47,896 - INFO - Processing request of type ListResourcesRequest
2024-12-06 22:27:48,411 - INFO - Processing request of type ListPromptsRequest
2024-12-06 22:27:52,895 - INFO - Processing request of type ListResourcesRequest
2024-12-06 22:27:53,321 - INFO - Processing request of type ListPromptsRequest
2024-12-06 22:27:57,895 - INFO - Processing request of type ListResourcesRequest
2024-12-06 22:27:58,328 - INFO - Processing request of type ListPromptsRequest
2024-12-06 22:28:02,893 - INFO - Processing request of type ListResourcesRequest
2024-12-06 22:28:03,461 - INFO - Processing request of type ListPromptsRequest
2024-12-06 22:28:07,896 - INFO - Processing request of type ListResourcesRequest
2024-12-06 22:28:08,330 - INFO - Processing request of type ListPromptsRequest
2024-12-06 22:28:12,896 - INFO - Processing request of type ListResourcesRequest
2024-12-06 22:28:13,602 - INFO - Processing request of type ListPromptsRequest
2024-12-06 22:28:17,899 - INFO - Processing request of type ListResourcesRequest
2024-12-06 22:28:18,278 - INFO - Processing request of type ListPromptsRequest
2024-12-06 22:28:22,892 - INFO - Processing request of type ListResourcesRequest
2024-12-06 22:28:23,323 - INFO - Processing request of type ListPromptsRequest
2024-12-06 22:28:27,895 - INFO - Processing request of type ListResourcesRequest
2024-12-06 22:28:28,320 - INFO - Processing request of type ListPromptsRequest
2024-12-06 22:28:32,894 - INFO - Processing request of type ListResourcesRequest
2024-12-06 22:28:33,288 - INFO - Processing request of type ListPromptsRequest
2024-12-06 22:28:37,895 - INFO - Processing request of type ListResourcesRequest
2024-12-06 22:28:38,288 - INFO - Processing request of type ListPromptsRequest
2024-12-06 22:28:42,894 - INFO - Processing request of type ListResourcesRequest
2024-12-06 22:28:43,287 - INFO - Processing request of type ListPromptsRequest
2024-12-06 22:28:47,896 - INFO - Processing request of type ListResourcesRequest
2024-12-06 22:28:48,308 - INFO - Processing request of type ListPromptsRequest
2024-12-06 22:28:52,902 - INFO - Processing request of type ListResourcesRequest
2024-12-06 22:28:53,329 - INFO - Processing request of type ListPromptsRequest
2024-12-06 22:28:57,896 - INFO - Processing request of type ListResourcesRequest
2024-12-06 22:28:58,289 - INFO - Processing request of type ListPromptsRequest
2024-12-06 22:29:02,894 - INFO - Processing request of type ListResourcesRequest
2024-12-06 22:29:03,309 - INFO - Processing request of type ListPromptsRequest
2024-12-06 22:29:07,895 - INFO - Processing request of type ListResourcesRequest
2024-12-06 22:29:08,486 - INFO - Processing request of type ListPromptsRequest
2024-12-06 22:29:12,897 - INFO - Processing request of type ListResourcesRequest
2024-12-06 22:29:13,286 - INFO - Processing request of type ListPromptsRequest
2024-12-06 22:29:17,894 - INFO - Processing request of type ListResourcesRequest
2024-12-06 22:29:18,304 - INFO - Processing request of type ListPromptsRequest
2024-12-06 22:29:22,893 - INFO - Processing request of type ListResourcesRequest
2024-12-06 22:29:23,281 - INFO - Processing request of type ListPromptsRequest
2024-12-06 22:29:27,895 - INFO - Processing request of type ListResourcesRequest
2024-12-06 22:29:28,299 - INFO - Processing request of type ListPromptsRequest
2024-12-06 22:29:32,895 - INFO - Processing request of type ListResourcesRequest
2024-12-06 22:29:33,285 - INFO - Processing request of type ListPromptsRequest
2024-12-06 22:29:37,911 - INFO - Processing request of type ListResourcesRequest
2024-12-06 22:29:38,318 - INFO - Processing request of type ListPromptsRequest
2024-12-06 22:29:42,895 - INFO - Processing request of type ListResourcesRequest
2024-12-06 22:29:43,281 - INFO - Processing request of type ListPromptsRequest
2024-12-06 22:29:47,895 - INFO - Processing request of type ListResourcesRequest
2024-12-06 22:29:48,324 - INFO - Processing request of type ListPromptsRequest
2024-12-06 22:29:52,896 - INFO - Processing request of type ListResourcesRequest
2024-12-06 22:29:53,434 - INFO - Processing request of type ListPromptsRequest
2024-12-06 22:29:57,906 - INFO - Processing request of type ListResourcesRequest
2024-12-06 22:29:58,299 - INFO - Processing request of type ListPromptsRequest
2024-12-06 22:30:02,910 - INFO - Processing request of type ListResourcesRequest
2024-12-06 22:30:03,396 - INFO - Processing request of type ListPromptsRequest
2024-12-06 22:30:07,912 - INFO - Processing request of type ListResourcesRequest
2024-12-06 22:30:08,297 - INFO - Processing request of type ListPromptsRequest
2024-12-06 22:30:12,911 - INFO - Processing request of type ListResourcesRequest
2024-12-06 22:30:13,411 - INFO - Processing request of type ListPromptsRequest
2024-12-06 22:30:17,908 - INFO - Processing request of type ListResourcesRequest
2024-12-06 22:30:18,281 - INFO - Processing request of type ListPromptsRequest
2024-12-06 22:30:22,913 - INFO - Processing request of type ListResourcesRequest
2024-12-06 22:30:23,333 - INFO - Processing request of type ListPromptsRequest
2024-12-06 22:30:27,915 - INFO - Processing request of type ListResourcesRequest
2024-12-06 22:30:28,327 - INFO - Processing request of type ListPromptsRequest
2024-12-06 22:30:32,906 - INFO - Processing request of type ListResourcesRequest
2024-12-06 22:30:33,284 - INFO - Processing request of type ListPromptsRequest
2024-12-06 22:30:37,909 - INFO - Processing request of type ListResourcesRequest
2024-12-06 22:30:38,298 - INFO - Processing request of type ListPromptsRequest
2024-12-06 22:30:42,911 - INFO - Processing request of type ListResourcesRequest
2024-12-06 22:30:43,328 - INFO - Processing request of type ListPromptsRequest
2024-12-06 22:30:47,907 - INFO - Processing request of type ListResourcesRequest
2024-12-06 22:30:48,293 - INFO - Processing request of type ListPromptsRequest
2024-12-06 22:30:52,911 - INFO - Processing request of type ListResourcesRequest
2024-12-06 22:30:53,315 - INFO - Processing request of type ListPromptsRequest
2024-12-06 22:30:57,909 - INFO - Processing request of type ListResourcesRequest
2024-12-06 22:30:58,291 - INFO - Processing request of type ListPromptsRequest
2024-12-06 22:31:23,915 - INFO - Processing request of type ListResourcesRequest
2024-12-06 22:31:24,322 - INFO - Processing request of type ListPromptsRequest
2024-12-06 22:32:23,916 - INFO - Processing request of type ListResourcesRequest
2024-12-06 22:32:24,308 - INFO - Processing request of type ListPromptsRequest
2024-12-06 22:32:36,705 - INFO - Processing request of type ListResourcesRequest
2024-12-06 22:32:37,095 - INFO - Processing request of type ListPromptsRequest
2024-12-06 22:32:37,897 - INFO - Processing request of type ListResourcesRequest
2024-12-06 22:32:38,323 - INFO - Processing request of type ListPromptsRequest
2024-12-06 22:32:42,912 - INFO - Processing request of type ListResourcesRequest
2024-12-06 22:32:43,306 - INFO - Processing request of type ListPromptsRequest
2024-12-06 22:32:47,910 - INFO - Processing request of type ListResourcesRequest
2024-12-06 22:32:48,313 - INFO - Processing request of type ListPromptsRequest
2024-12-06 22:32:52,912 - INFO - Processing request of type ListResourcesRequest
2024-12-06 22:32:53,373 - INFO - Processing request of type ListPromptsRequest
2024-12-06 22:32:57,912 - INFO - Processing request of type ListResourcesRequest
2024-12-06 22:32:58,387 - INFO - Processing request of type ListPromptsRequest
2024-12-06 22:33:02,911 - INFO - Processing request of type ListResourcesRequest
2024-12-06 22:33:03,374 - INFO - Processing request of type ListPromptsRequest
2024-12-06 22:33:07,910 - INFO - Processing request of type ListResourcesRequest
2024-12-06 22:33:08,295 - INFO - Processing request of type ListPromptsRequest
2024-12-06 22:33:12,912 - INFO - Processing request of type ListResourcesRequest
2024-12-06 22:33:13,298 - INFO - Processing request of type ListPromptsRequest
2024-12-06 22:33:17,912 - INFO - Processing request of type ListResourcesRequest
2024-12-06 22:33:18,325 - INFO - Processing request of type ListPromptsRequest
2024-12-06 22:33:22,911 - INFO - Processing request of type ListResourcesRequest
2024-12-06 22:33:23,481 - INFO - Processing request of type ListPromptsRequest
2024-12-06 22:33:27,910 - INFO - Processing request of type ListResourcesRequest
2024-12-06 22:33:28,402 - INFO - Processing request of type ListPromptsRequest
2024-12-06 22:33:32,911 - INFO - Processing request of type ListResourcesRequest
2024-12-06 22:33:33,363 - INFO - Processing request of type ListPromptsRequest
2024-12-06 22:33:37,912 - INFO - Processing request of type ListResourcesRequest
2024-12-06 22:33:38,324 - INFO - Processing request of type ListPromptsRequest
2024-12-06 22:34:23,917 - INFO - Processing request of type ListResourcesRequest
2024-12-06 22:34:24,308 - INFO - Processing request of type ListPromptsRequest
2024-12-06 22:35:23,915 - INFO - Processing request of type ListResourcesRequest
2024-12-06 22:35:24,378 - INFO - Processing request of type ListPromptsRequest
2024-12-06 22:35:36,580 - INFO - Processing request of type ListResourcesRequest
2024-12-06 22:35:36,993 - INFO - Processing request of type ListPromptsRequest
2024-12-06 22:35:37,912 - INFO - Processing request of type ListResourcesRequest
2024-12-06 22:35:38,371 - INFO - Processing request of type ListPromptsRequest
2024-12-06 22:35:42,911 - INFO - Processing request of type ListResourcesRequest
2024-12-06 22:35:43,292 - INFO - Processing request of type ListPromptsRequest
2024-12-06 22:35:47,905 - INFO - Processing request of type ListResourcesRequest
2024-12-06 22:35:48,315 - INFO - Processing request of type ListPromptsRequest
2024-12-06 22:35:52,900 - INFO - Processing request of type ListResourcesRequest
2024-12-06 22:35:53,315 - INFO - Processing request of type ListPromptsRequest
2024-12-06 22:35:57,910 - INFO - Processing request of type ListResourcesRequest
2024-12-06 22:35:58,301 - INFO - Processing request of type ListPromptsRequest
2024-12-06 22:36:02,915 - INFO - Processing request of type ListResourcesRequest
2024-12-06 22:36:03,306 - INFO - Processing request of type ListPromptsRequest
2024-12-06 22:36:07,909 - INFO - Processing request of type ListResourcesRequest
2024-12-06 22:36:08,318 - INFO - Processing request of type ListPromptsRequest
2024-12-06 22:36:12,914 - INFO - Processing request of type ListResourcesRequest
2024-12-06 22:36:13,355 - INFO - Processing request of type ListPromptsRequest
2024-12-06 22:36:17,914 - INFO - Processing request of type ListResourcesRequest
2024-12-06 22:36:18,307 - INFO - Processing request of type ListPromptsRequest
2024-12-06 22:36:22,913 - INFO - Processing request of type ListResourcesRequest
2024-12-06 22:36:23,328 - INFO - Processing request of type ListPromptsRequest
2024-12-06 22:36:27,913 - INFO - Processing request of type ListResourcesRequest
2024-12-06 22:36:28,290 - INFO - Processing request of type ListPromptsRequest
2024-12-06 22:36:32,910 - INFO - Processing request of type ListResourcesRequest
2024-12-06 22:36:33,331 - INFO - Processing request of type ListPromptsRequest
2024-12-06 22:36:37,915 - INFO - Processing request of type ListResourcesRequest
2024-12-06 22:36:38,326 - INFO - Processing request of type ListPromptsRequest
2024-12-06 22:36:42,919 - INFO - Processing request of type ListResourcesRequest
2024-12-06 22:36:43,364 - INFO - Processing request of type ListPromptsRequest
2024-12-06 22:36:47,909 - INFO - Processing request of type ListResourcesRequest
2024-12-06 22:36:48,380 - INFO - Processing request of type ListPromptsRequest
2024-12-06 22:36:52,916 - INFO - Processing request of type ListResourcesRequest
2024-12-06 22:36:53,295 - INFO - Processing request of type ListPromptsRequest
2024-12-06 22:37:23,915 - INFO - Processing request of type ListResourcesRequest
2024-12-06 22:37:24,359 - INFO - Processing request of type ListPromptsRequest
2024-12-06 22:38:23,919 - INFO - Processing request of type ListResourcesRequest
2024-12-06 22:38:24,307 - INFO - Processing request of type ListPromptsRequest
2024-12-06 22:39:23,918 - INFO - Processing request of type ListResourcesRequest
2024-12-06 22:39:24,344 - INFO - Processing request of type ListPromptsRequest
2024-12-06 22:40:23,919 - INFO - Processing request of type ListResourcesRequest
2024-12-06 22:40:24,387 - INFO - Processing request of type ListPromptsRequest
2024-12-06 22:41:23,921 - INFO - Processing request of type ListResourcesRequest
2024-12-06 22:41:24,330 - INFO - Processing request of type ListPromptsRequest
2024-12-06 22:42:23,921 - INFO - Processing request of type ListResourcesRequest
2024-12-06 22:42:24,379 - INFO - Processing request of type ListPromptsRequest
2024-12-06 22:43:23,922 - INFO - Processing request of type ListResourcesRequest
2024-12-06 22:43:24,336 - INFO - Processing request of type ListPromptsRequest
2024-12-06 22:44:23,867 - INFO - Processing request of type ListResourcesRequest
2024-12-06 22:44:24,319 - INFO - Processing request of type ListPromptsRequest
2024-12-06 22:45:23,866 - INFO - Processing request of type ListResourcesRequest
2024-12-06 22:45:24,353 - INFO - Processing request of type ListPromptsRequest
2024-12-06 22:46:23,867 - INFO - Processing request of type ListResourcesRequest
2024-12-06 22:46:24,320 - INFO - Processing request of type ListPromptsRequest
2024-12-06 22:47:23,856 - INFO - Processing request of type ListResourcesRequest
2024-12-06 22:47:24,302 - INFO - Processing request of type ListPromptsRequest
2024-12-06 22:48:23,859 - INFO - Processing request of type ListResourcesRequest
2024-12-06 22:48:24,251 - INFO - Processing request of type ListPromptsRequest
2024-12-06 22:48:33,421 - INFO - Processing request of type ListResourcesRequest
2024-12-06 22:48:33,804 - INFO - Processing request of type ListPromptsRequest
2024-12-06 22:48:37,860 - INFO - Processing request of type ListResourcesRequest
2024-12-06 22:48:38,307 - INFO - Processing request of type ListPromptsRequest
2024-12-06 22:48:42,860 - INFO - Processing request of type ListResourcesRequest
2024-12-06 22:48:43,237 - INFO - Processing request of type ListPromptsRequest
2024-12-06 22:48:47,854 - INFO - Processing request of type ListResourcesRequest
2024-12-06 22:48:48,313 - INFO - Processing request of type ListPromptsRequest
2024-12-06 22:48:52,856 - INFO - Processing request of type ListResourcesRequest
2024-12-06 22:48:53,290 - INFO - Processing request of type ListPromptsRequest
2024-12-06 22:48:57,859 - INFO - Processing request of type ListResourcesRequest
2024-12-06 22:48:58,257 - INFO - Processing request of type ListPromptsRequest
2024-12-06 22:49:02,857 - INFO - Processing request of type ListResourcesRequest
2024-12-06 22:49:03,258 - INFO - Processing request of type ListPromptsRequest
2024-12-06 22:49:07,854 - INFO - Processing request of type ListResourcesRequest
2024-12-06 22:49:08,238 - INFO - Processing request of type ListPromptsRequest
2024-12-06 22:49:12,858 - INFO - Processing request of type ListResourcesRequest
2024-12-06 22:49:13,287 - INFO - Processing request of type ListPromptsRequest
2024-12-06 22:49:17,855 - INFO - Processing request of type ListResourcesRequest
2024-12-06 22:49:18,236 - INFO - Processing request of type ListPromptsRequest
2024-12-06 22:49:22,856 - INFO - Processing request of type ListResourcesRequest
2024-12-06 22:49:23,252 - INFO - Processing request of type ListPromptsRequest
2024-12-06 22:49:27,855 - INFO - Processing request of type ListResourcesRequest
2024-12-06 22:49:28,250 - INFO - Processing request of type ListPromptsRequest
2024-12-06 22:49:32,858 - INFO - Processing request of type ListResourcesRequest
2024-12-06 22:49:33,239 - INFO - Processing request of type ListPromptsRequest
2024-12-06 22:50:09,110 - INFO - Processing request of type ListResourcesRequest
2024-12-06 22:50:09,534 - INFO - Processing request of type ListPromptsRequest
2024-12-06 22:50:12,857 - INFO - Processing request of type ListResourcesRequest
2024-12-06 22:50:13,245 - INFO - Processing request of type ListPromptsRequest
2024-12-06 22:50:17,864 - INFO - Processing request of type ListResourcesRequest
2024-12-06 22:50:18,302 - INFO - Processing request of type ListPromptsRequest
2024-12-06 22:50:22,855 - INFO - Processing request of type ListResourcesRequest
2024-12-06 22:50:23,252 - INFO - Processing request of type ListPromptsRequest
2024-12-06 22:50:27,860 - INFO - Processing request of type ListResourcesRequest
2024-12-06 22:50:28,237 - INFO - Processing request of type ListPromptsRequest
2024-12-06 22:50:32,856 - INFO - Processing request of type ListResourcesRequest
2024-12-06 22:50:33,280 - INFO - Processing request of type ListPromptsRequest
2024-12-06 22:50:37,859 - INFO - Processing request of type ListResourcesRequest
2024-12-06 22:50:38,264 - INFO - Processing request of type ListPromptsRequest
2024-12-06 22:50:42,856 - INFO - Processing request of type ListResourcesRequest
2024-12-06 22:50:43,385 - INFO - Processing request of type ListPromptsRequest
2024-12-06 22:50:47,858 - INFO - Processing request of type ListResourcesRequest
2024-12-06 22:50:48,263 - INFO - Processing request of type ListPromptsRequest
2024-12-06 22:50:52,858 - INFO - Processing request of type ListResourcesRequest
2024-12-06 22:50:53,361 - INFO - Processing request of type ListPromptsRequest
2024-12-06 22:50:57,854 - INFO - Processing request of type ListResourcesRequest
2024-12-06 22:50:58,267 - INFO - Processing request of type ListPromptsRequest
2024-12-06 22:51:02,855 - INFO - Processing request of type ListResourcesRequest
2024-12-06 22:51:03,315 - INFO - Processing request of type ListPromptsRequest
2024-12-06 22:51:07,857 - INFO - Processing request of type ListResourcesRequest
2024-12-06 22:51:08,270 - INFO - Processing request of type ListPromptsRequest
2024-12-06 22:51:12,857 - INFO - Processing request of type ListResourcesRequest
2024-12-06 22:51:13,260 - INFO - Processing request of type ListPromptsRequest
2024-12-06 22:51:23,861 - INFO - Processing request of type ListResourcesRequest
2024-12-06 22:51:24,247 - INFO - Processing request of type ListPromptsRequest
2024-12-06 22:52:23,856 - INFO - Processing request of type ListResourcesRequest
2024-12-06 22:52:24,288 - INFO - Processing request of type ListPromptsRequest
2024-12-06 22:53:23,860 - INFO - Processing request of type ListResourcesRequest
2024-12-06 22:53:24,260 - INFO - Processing request of type ListPromptsRequest
2024-12-06 22:54:23,860 - INFO - Processing request of type ListResourcesRequest
2024-12-06 22:54:24,308 - INFO - Processing request of type ListPromptsRequest
2024-12-06 22:55:23,862 - INFO - Processing request of type ListResourcesRequest
2024-12-06 22:55:24,284 - INFO - Processing request of type ListPromptsRequest
2024-12-06 22:56:23,858 - INFO - Processing request of type ListResourcesRequest
2024-12-06 22:56:24,273 - INFO - Processing request of type ListPromptsRequest
2024-12-06 22:57:23,858 - INFO - Processing request of type ListResourcesRequest
2024-12-06 22:57:24,307 - INFO - Processing request of type ListPromptsRequest
2024-12-06 22:57:27,850 - INFO - Processing request of type ListResourcesRequest
2024-12-06 22:57:31,638 - INFO - Processing request of type ListResourcesRequest
2024-12-06 22:57:32,062 - INFO - Processing request of type ListToolsRequest
2024-12-06 22:57:32,063 - INFO - Processing request of type ListPromptsRequest
2024-12-06 22:57:36,643 - INFO - Processing request of type ListResourcesRequest
2024-12-06 22:57:37,040 - INFO - Processing request of type ListPromptsRequest
2024-12-06 22:57:37,923 - INFO - Processing request of type ListResourcesRequest
2024-12-06 22:57:38,282 - INFO - Processing request of type ListPromptsRequest
2024-12-06 22:57:41,513 - INFO - Processing request of type CallToolRequest
2024-12-06 22:57:42,925 - INFO - Processing request of type ListResourcesRequest
2024-12-06 22:57:43,289 - INFO - Processing request of type ListPromptsRequest
2024-12-06 22:57:47,935 - INFO - Processing request of type ListResourcesRequest
2024-12-06 22:57:48,346 - INFO - Processing request of type ListPromptsRequest
2024-12-06 22:57:53,632 - INFO - Processing request of type ListResourcesRequest
2024-12-06 22:57:54,021 - INFO - Processing request of type ListPromptsRequest
2024-12-06 22:57:57,927 - INFO - Processing request of type ListResourcesRequest
2024-12-06 22:57:58,298 - INFO - Processing request of type ListPromptsRequest
2024-12-06 22:58:02,924 - INFO - Processing request of type ListResourcesRequest
2024-12-06 22:58:03,327 - INFO - Processing request of type ListPromptsRequest
2024-12-06 22:58:07,927 - INFO - Processing request of type ListResourcesRequest
2024-12-06 22:58:08,311 - INFO - Processing request of type ListPromptsRequest
2024-12-06 22:58:12,926 - INFO - Processing request of type ListResourcesRequest
2024-12-06 22:58:13,305 - INFO - Processing request of type ListPromptsRequest
2024-12-06 22:58:17,925 - INFO - Processing request of type ListResourcesRequest
2024-12-06 22:58:18,311 - INFO - Processing request of type ListPromptsRequest
2024-12-06 22:58:22,926 - INFO - Processing request of type ListResourcesRequest
2024-12-06 22:58:23,317 - INFO - Processing request of type ListPromptsRequest
2024-12-06 22:58:27,927 - INFO - Processing request of type ListResourcesRequest
2024-12-06 22:58:28,327 - INFO - Processing request of type ListPromptsRequest
2024-12-06 22:58:32,925 - INFO - Processing request of type ListResourcesRequest
2024-12-06 22:58:33,325 - INFO - Processing request of type ListPromptsRequest
2024-12-06 22:58:37,928 - INFO - Processing request of type ListResourcesRequest
2024-12-06 22:58:38,318 - INFO - Processing request of type ListPromptsRequest
2024-12-06 22:58:42,924 - INFO - Processing request of type ListResourcesRequest
2024-12-06 22:58:43,305 - INFO - Processing request of type ListPromptsRequest
2024-12-06 22:58:47,926 - INFO - Processing request of type ListResourcesRequest
2024-12-06 22:58:48,336 - INFO - Processing request of type ListPromptsRequest
2024-12-06 22:58:52,925 - INFO - Processing request of type ListResourcesRequest
2024-12-06 22:58:53,327 - INFO - Processing request of type ListPromptsRequest
2024-12-06 22:58:57,928 - INFO - Processing request of type ListResourcesRequest
2024-12-06 22:58:58,331 - INFO - Processing request of type ListPromptsRequest
2024-12-06 22:59:02,926 - INFO - Processing request of type ListResourcesRequest
2024-12-06 22:59:03,311 - INFO - Processing request of type ListPromptsRequest
2024-12-06 22:59:07,925 - INFO - Processing request of type ListResourcesRequest
2024-12-06 22:59:08,500 - INFO - Processing request of type ListPromptsRequest
2024-12-06 22:59:12,929 - INFO - Processing request of type ListResourcesRequest
2024-12-06 22:59:13,473 - INFO - Processing request of type ListPromptsRequest
2024-12-06 22:59:17,929 - INFO - Processing request of type ListResourcesRequest
2024-12-06 22:59:18,393 - INFO - Processing request of type ListPromptsRequest
2024-12-06 22:59:22,927 - INFO - Processing request of type ListResourcesRequest
2024-12-06 22:59:23,591 - INFO - Processing request of type ListPromptsRequest
2024-12-06 22:59:27,927 - INFO - Processing request of type ListResourcesRequest
2024-12-06 22:59:28,488 - INFO - Processing request of type ListPromptsRequest
2024-12-06 22:59:33,852 - INFO - Processing request of type ListResourcesRequest
2024-12-06 22:59:34,236 - INFO - Processing request of type ListPromptsRequest
2024-12-06 22:59:37,928 - INFO - Processing request of type ListResourcesRequest
2024-12-06 22:59:38,342 - INFO - Processing request of type ListPromptsRequest
2024-12-06 22:59:43,850 - INFO - Processing request of type ListResourcesRequest
2024-12-06 22:59:44,235 - INFO - Processing request of type ListPromptsRequest
2024-12-06 22:59:48,853 - INFO - Processing request of type ListResourcesRequest
2024-12-06 22:59:49,331 - INFO - Processing request of type ListPromptsRequest
2024-12-06 22:59:53,850 - INFO - Processing request of type ListResourcesRequest
2024-12-06 22:59:54,319 - INFO - Processing request of type ListPromptsRequest
2024-12-06 22:59:58,854 - INFO - Processing request of type ListResourcesRequest
2024-12-06 22:59:59,277 - INFO - Processing request of type ListPromptsRequest
2024-12-06 23:00:03,850 - INFO - Processing request of type ListResourcesRequest
2024-12-06 23:00:04,354 - INFO - Processing request of type ListPromptsRequest
2024-12-06 23:00:08,848 - INFO - Processing request of type ListResourcesRequest
2024-12-06 23:00:09,240 - INFO - Processing request of type ListPromptsRequest
2024-12-06 23:00:13,851 - INFO - Processing request of type ListResourcesRequest
2024-12-06 23:00:14,262 - INFO - Processing request of type ListPromptsRequest
2024-12-06 23:00:18,853 - INFO - Processing request of type ListResourcesRequest
2024-12-06 23:00:19,234 - INFO - Processing request of type ListPromptsRequest
2024-12-06 23:00:23,856 - INFO - Processing request of type ListResourcesRequest
2024-12-06 23:00:24,267 - INFO - Processing request of type ListPromptsRequest
2024-12-06 23:00:28,852 - INFO - Processing request of type ListResourcesRequest
2024-12-06 23:00:29,275 - INFO - Processing request of type ListPromptsRequest
2024-12-06 23:00:32,926 - INFO - Processing request of type ListResourcesRequest
2024-12-06 23:00:33,348 - INFO - Processing request of type ListPromptsRequest
2024-12-06 23:00:37,929 - INFO - Processing request of type ListResourcesRequest
2024-12-06 23:00:38,382 - INFO - Processing request of type ListPromptsRequest
2024-12-06 23:00:42,927 - INFO - Processing request of type ListResourcesRequest
2024-12-06 23:00:43,338 - INFO - Processing request of type ListPromptsRequest
2024-12-06 23:00:47,924 - INFO - Processing request of type ListResourcesRequest
2024-12-06 23:00:48,307 - INFO - Processing request of type ListPromptsRequest
2024-12-06 23:00:52,925 - INFO - Processing request of type ListResourcesRequest
2024-12-06 23:00:53,359 - INFO - Processing request of type ListPromptsRequest
2024-12-06 23:00:57,927 - INFO - Processing request of type ListResourcesRequest
2024-12-06 23:00:58,328 - INFO - Processing request of type ListPromptsRequest
2024-12-06 23:01:02,923 - INFO - Processing request of type ListResourcesRequest
2024-12-06 23:01:03,351 - INFO - Processing request of type ListPromptsRequest
2024-12-06 23:01:07,924 - INFO - Processing request of type ListResourcesRequest
2024-12-06 23:01:08,312 - INFO - Processing request of type ListPromptsRequest
2024-12-06 23:01:12,925 - INFO - Processing request of type ListResourcesRequest
2024-12-06 23:01:13,388 - INFO - Processing request of type ListPromptsRequest
2024-12-06 23:01:17,925 - INFO - Processing request of type ListResourcesRequest
2024-12-06 23:01:18,352 - INFO - Processing request of type ListPromptsRequest
2024-12-06 23:01:22,926 - INFO - Processing request of type ListResourcesRequest
2024-12-06 23:01:23,362 - INFO - Processing request of type ListPromptsRequest
2024-12-06 23:01:27,931 - INFO - Processing request of type ListResourcesRequest
2024-12-06 23:01:28,325 - INFO - Processing request of type ListPromptsRequest
2024-12-06 23:01:32,233 - INFO - Processing request of type CallToolRequest
2024-12-06 23:01:32,233 - INFO - edit is: [{'video_id': '48310b2a-5eaa-424b-bd1b-ed2c3a5a10d1', 'video_start_time': '00:00:00', 'video_end_time': '00:00:05'}, {'video_id': '12c4ef4c-fef6-42dc-abd6-370b95ff6fae', 'video_start_time': '00:00:00', 'video_end_time': '00:00:05'}, {'video_id': 'c59248ec-405e-4051-b872-a4dbde6a1442', 'video_start_time': '00:00:00', 'video_end_time': '00:00:05'}, {'video_id': 'cd8712db-ac65-4a90-9f6b-5633e448d58f', 'video_start_time': '00:00:00', 'video_end_time': '00:00:05'}] and the type is: <class 'list'>
2024-12-06 23:01:32,233 - INFO - updated edit is: [{'video_id': '48310b2a-5eaa-424b-bd1b-ed2c3a5a10d1', 'video_start_time': '00:00:00', 'video_end_time': '00:00:05', 'type': 'videofile', 'audio_levels': [{'audio_level': '0.5', 'start_time': '00:00:00', 'end_time': '00:00:05'}]}, {'video_id': '12c4ef4c-fef6-42dc-abd6-370b95ff6fae', 'video_start_time': '00:00:00', 'video_end_time': '00:00:05', 'type': 'videofile', 'audio_levels': [{'audio_level': '0.5', 'start_time': '00:00:00', 'end_time': '00:00:05'}]}, {'video_id': 'c59248ec-405e-4051-b872-a4dbde6a1442', 'video_start_time': '00:00:00', 'video_end_time': '00:00:05', 'type': 'videofile', 'audio_levels': [{'audio_level': '0.5', 'start_time': '00:00:00', 'end_time': '00:00:05'}]}, {'video_id': 'cd8712db-ac65-4a90-9f6b-5633e448d58f', 'video_start_time': '00:00:00', 'video_end_time': '00:00:05', 'type': 'videofile', 'audio_levels': [{'audio_level': '0.5', 'start_time': '00:00:00', 'end_time': '00:00:05'}]}]
2024-12-06 23:01:33,378 - INFO - video edit is: {'video_edit_version': '1.0', 'video_output_format': 'mp4', 'video_output_resolution': '1080x1920', 'video_output_fps': 30.0, 'video_output_filename': 'output_video.mp4', 'audio_overlay': [], 'video_series_sequential': [{'video_id': '48310b2a-5eaa-424b-bd1b-ed2c3a5a10d1', 'video_start_time': '00:00:00', 'video_end_time': '00:00:05', 'type': 'videofile', 'audio_levels': [{'audio_level': '0.5', 'start_time': '00:00:00', 'end_time': '00:00:05'}]}, {'video_id': '12c4ef4c-fef6-42dc-abd6-370b95ff6fae', 'video_start_time': '00:00:00', 'video_end_time': '00:00:05', 'type': 'videofile', 'audio_levels': [{'audio_level': '0.5', 'start_time': '00:00:00', 'end_time': '00:00:05'}]}, {'video_id': 'c59248ec-405e-4051-b872-a4dbde6a1442', 'video_start_time': '00:00:00', 'video_end_time': '00:00:05', 'type': 'videofile', 'audio_levels': [{'audio_level': '0.5', 'start_time': '00:00:00', 'end_time': '00:00:05'}]}, {'video_id': 'cd8712db-ac65-4a90-9f6b-5633e448d58f', 'video_start_time': '00:00:00', 'video_end_time': '00:00:05', 'type': 'videofile', 'audio_levels': [{'audio_level': '0.5', 'start_time': '00:00:00', 'end_time': '00:00:05'}]}]}
2024-12-06 23:01:34,741 - INFO - Processing request of type ListResourcesRequest
2024-12-06 23:01:35,150 - INFO - Processing request of type ListPromptsRequest
2024-12-06 23:01:38,863 - INFO - Processing request of type ListResourcesRequest
2024-12-06 23:01:39,255 - INFO - Processing request of type ListPromptsRequest
2024-12-06 23:01:43,864 - INFO - Processing request of type ListResourcesRequest
2024-12-06 23:01:44,255 - INFO - Processing request of type ListPromptsRequest
2024-12-06 23:01:48,849 - INFO - Processing request of type ListResourcesRequest
2024-12-06 23:01:49,249 - INFO - Processing request of type ListPromptsRequest
2024-12-06 23:01:53,851 - INFO - Processing request of type ListResourcesRequest
2024-12-06 23:01:54,245 - INFO - Processing request of type ListPromptsRequest
2024-12-06 23:01:58,852 - INFO - Processing request of type ListResourcesRequest
2024-12-06 23:01:59,368 - INFO - Processing request of type ListPromptsRequest
2024-12-06 23:02:03,851 - INFO - Processing request of type ListResourcesRequest
2024-12-06 23:02:04,255 - INFO - Processing request of type ListPromptsRequest
2024-12-06 23:02:08,849 - INFO - Processing request of type ListResourcesRequest
2024-12-06 23:02:09,246 - INFO - Processing request of type ListPromptsRequest
2024-12-06 23:02:13,848 - INFO - Processing request of type ListResourcesRequest
2024-12-06 23:02:14,222 - INFO - Processing request of type ListPromptsRequest
2024-12-06 23:02:18,848 - INFO - Processing request of type ListResourcesRequest
2024-12-06 23:02:19,275 - INFO - Processing request of type ListPromptsRequest
2024-12-06 23:02:23,854 - INFO - Processing request of type ListResourcesRequest
2024-12-06 23:02:24,278 - INFO - Processing request of type ListPromptsRequest
2024-12-06 23:02:28,849 - INFO - Processing request of type ListResourcesRequest
2024-12-06 23:02:29,246 - INFO - Processing request of type ListPromptsRequest
2024-12-06 23:02:33,847 - INFO - Processing request of type ListResourcesRequest
2024-12-06 23:02:34,220 - INFO - Processing request of type ListPromptsRequest
2024-12-06 23:02:40,636 - INFO - Processing request of type ListResourcesRequest
2024-12-06 23:02:41,050 - INFO - Processing request of type ListPromptsRequest
2024-12-06 23:02:42,926 - INFO - Processing request of type ListResourcesRequest
2024-12-06 23:02:43,503 - INFO - Processing request of type ListPromptsRequest
2024-12-06 23:02:47,923 - INFO - Processing request of type ListResourcesRequest
2024-12-06 23:02:48,316 - INFO - Processing request of type ListPromptsRequest
2024-12-06 23:02:52,924 - INFO - Processing request of type ListResourcesRequest
2024-12-06 23:02:53,294 - INFO - Processing request of type ListPromptsRequest
2024-12-06 23:02:58,848 - INFO - Processing request of type ListResourcesRequest
2024-12-06 23:02:59,225 - INFO - Processing request of type ListPromptsRequest
2024-12-06 23:03:02,924 - INFO - Processing request of type ListResourcesRequest
2024-12-06 23:03:03,333 - INFO - Processing request of type ListPromptsRequest
2024-12-06 23:03:07,923 - INFO - Processing request of type ListResourcesRequest
2024-12-06 23:03:08,310 - INFO - Processing request of type ListPromptsRequest
2024-12-06 23:03:12,923 - INFO - Processing request of type ListResourcesRequest
2024-12-06 23:03:13,329 - INFO - Processing request of type ListPromptsRequest
2024-12-06 23:03:17,923 - INFO - Processing request of type ListResourcesRequest
2024-12-06 23:03:18,297 - INFO - Processing request of type ListPromptsRequest
2024-12-06 23:03:22,922 - INFO - Processing request of type ListResourcesRequest
2024-12-06 23:03:23,328 - INFO - Processing request of type ListPromptsRequest
2024-12-06 23:03:27,924 - INFO - Processing request of type ListResourcesRequest
2024-12-06 23:03:28,347 - INFO - Processing request of type ListPromptsRequest
2024-12-06 23:03:32,922 - INFO - Processing request of type ListResourcesRequest
2024-12-06 23:03:33,327 - INFO - Processing request of type ListPromptsRequest
2024-12-06 23:03:37,920 - INFO - Processing request of type ListResourcesRequest
2024-12-06 23:03:38,312 - INFO - Processing request of type ListPromptsRequest
2024-12-06 23:03:42,921 - INFO - Processing request of type ListResourcesRequest
2024-12-06 23:03:43,290 - INFO - Processing request of type ListPromptsRequest
2024-12-06 23:03:47,922 - INFO - Processing request of type ListResourcesRequest
2024-12-06 23:03:48,314 - INFO - Processing request of type ListPromptsRequest
2024-12-06 23:03:53,847 - INFO - Processing request of type ListResourcesRequest
2024-12-06 23:03:54,227 - INFO - Processing request of type ListPromptsRequest
2024-12-06 23:03:58,851 - INFO - Processing request of type ListResourcesRequest
2024-12-06 23:03:59,288 - INFO - Processing request of type ListPromptsRequest
2024-12-06 23:04:02,925 - INFO - Processing request of type ListResourcesRequest
2024-12-06 23:04:03,293 - INFO - Processing request of type ListPromptsRequest
2024-12-06 23:04:07,943 - INFO - Processing request of type ListResourcesRequest
2024-12-06 23:04:08,334 - INFO - Processing request of type ListPromptsRequest
2024-12-06 23:04:12,929 - INFO - Processing request of type ListResourcesRequest
2024-12-06 23:04:13,350 - INFO - Processing request of type ListPromptsRequest
2024-12-06 23:04:17,936 - INFO - Processing request of type ListResourcesRequest
2024-12-06 23:04:18,325 - INFO - Processing request of type ListPromptsRequest
2024-12-06 23:04:22,933 - INFO - Processing request of type ListResourcesRequest
2024-12-06 23:04:23,347 - INFO - Processing request of type ListPromptsRequest
2024-12-06 23:04:27,921 - INFO - Processing request of type ListResourcesRequest
2024-12-06 23:04:28,282 - INFO - Processing request of type ListPromptsRequest
2024-12-06 23:04:32,921 - INFO - Processing request of type ListResourcesRequest
2024-12-06 23:04:33,334 - INFO - Processing request of type ListPromptsRequest
2024-12-06 23:04:37,921 - INFO - Processing request of type ListResourcesRequest
2024-12-06 23:04:38,318 - INFO - Processing request of type ListPromptsRequest
2024-12-06 23:04:42,923 - INFO - Processing request of type ListResourcesRequest
2024-12-06 23:04:43,404 - INFO - Processing request of type ListPromptsRequest
2024-12-06 23:04:47,922 - INFO - Processing request of type ListResourcesRequest
2024-12-06 23:04:48,315 - INFO - Processing request of type ListPromptsRequest
2024-12-06 23:04:52,923 - INFO - Processing request of type ListResourcesRequest
2024-12-06 23:04:53,290 - INFO - Processing request of type ListPromptsRequest
2024-12-06 23:04:57,920 - INFO - Processing request of type ListResourcesRequest
2024-12-06 23:04:58,298 - INFO - Processing request of type ListPromptsRequest
2024-12-06 23:05:02,921 - INFO - Processing request of type ListResourcesRequest
2024-12-06 23:05:03,373 - INFO - Processing request of type ListPromptsRequest
2024-12-06 23:05:07,920 - INFO - Processing request of type ListResourcesRequest
2024-12-06 23:05:08,318 - INFO - Processing request of type ListPromptsRequest
2024-12-06 23:05:12,921 - INFO - Processing request of type ListResourcesRequest
2024-12-06 23:05:13,422 - INFO - Processing request of type ListPromptsRequest
2024-12-06 23:05:17,920 - INFO - Processing request of type ListResourcesRequest
2024-12-06 23:05:18,314 - INFO - Processing request of type ListPromptsRequest
2024-12-06 23:05:22,937 - INFO - Processing request of type ListResourcesRequest
2024-12-06 23:05:23,345 - INFO - Processing request of type ListPromptsRequest
2024-12-06 23:05:28,846 - INFO - Processing request of type ListResourcesRequest
2024-12-06 23:05:29,268 - INFO - Processing request of type ListPromptsRequest
2024-12-06 23:05:33,846 - INFO - Processing request of type ListResourcesRequest
2024-12-06 23:05:34,239 - INFO - Processing request of type ListPromptsRequest
2024-12-06 23:05:38,846 - INFO - Processing request of type ListResourcesRequest
2024-12-06 23:05:39,287 - INFO - Processing request of type ListPromptsRequest
2024-12-06 23:05:43,846 - INFO - Processing request of type ListResourcesRequest
2024-12-06 23:05:44,226 - INFO - Processing request of type ListPromptsRequest
2024-12-06 23:05:48,847 - INFO - Processing request of type ListResourcesRequest
2024-12-06 23:05:49,227 - INFO - Processing request of type ListPromptsRequest
2024-12-06 23:05:52,920 - INFO - Processing request of type ListResourcesRequest
2024-12-06 23:05:53,321 - INFO - Processing request of type ListPromptsRequest
2024-12-06 23:05:57,921 - INFO - Processing request of type ListResourcesRequest
2024-12-06 23:05:58,311 - INFO - Processing request of type ListPromptsRequest
2024-12-06 23:06:02,921 - INFO - Processing request of type ListResourcesRequest
2024-12-06 23:06:03,309 - INFO - Processing request of type ListPromptsRequest
2024-12-06 23:06:07,932 - INFO - Processing request of type ListResourcesRequest
2024-12-06 23:06:08,306 - INFO - Processing request of type ListPromptsRequest
2024-12-06 23:06:12,930 - INFO - Processing request of type ListResourcesRequest
2024-12-06 23:06:13,341 - INFO - Processing request of type ListPromptsRequest
2024-12-06 23:06:17,930 - INFO - Processing request of type ListResourcesRequest
2024-12-06 23:06:18,316 - INFO - Processing request of type ListPromptsRequest
2024-12-06 23:06:23,532 - INFO - Processing request of type ListResourcesRequest
2024-12-06 23:06:24,045 - INFO - Processing request of type ListPromptsRequest
2024-12-06 23:06:27,920 - INFO - Processing request of type ListResourcesRequest
2024-12-06 23:06:28,299 - INFO - Processing request of type ListPromptsRequest
2024-12-06 23:06:32,920 - INFO - Processing request of type ListResourcesRequest
2024-12-06 23:06:33,395 - INFO - Processing request of type ListPromptsRequest
2024-12-06 23:06:37,919 - INFO - Processing request of type ListResourcesRequest
2024-12-06 23:06:38,328 - INFO - Processing request of type ListPromptsRequest
2024-12-06 23:06:42,920 - INFO - Processing request of type ListResourcesRequest
2024-12-06 23:06:44,344 - INFO - Processing request of type ListPromptsRequest
2024-12-06 23:06:47,921 - INFO - Processing request of type ListResourcesRequest
2024-12-06 23:06:48,309 - INFO - Processing request of type ListPromptsRequest
2024-12-06 23:06:53,849 - INFO - Processing request of type ListResourcesRequest
2024-12-06 23:06:54,344 - INFO - Processing request of type ListPromptsRequest
2024-12-06 23:06:57,975 - INFO - Processing request of type ListResourcesRequest
2024-12-06 23:06:58,697 - INFO - Processing request of type ListPromptsRequest
2024-12-06 23:07:02,920 - INFO - Processing request of type ListResourcesRequest
2024-12-06 23:07:03,378 - INFO - Processing request of type ListPromptsRequest
2024-12-06 23:07:07,920 - INFO - Processing request of type ListResourcesRequest
2024-12-06 23:07:08,326 - INFO - Processing request of type ListPromptsRequest
2024-12-06 23:07:12,920 - INFO - Processing request of type ListResourcesRequest
2024-12-06 23:07:13,310 - INFO - Processing request of type ListPromptsRequest
2024-12-06 23:07:17,934 - INFO - Processing request of type ListResourcesRequest
2024-12-06 23:07:18,310 - INFO - Processing request of type ListPromptsRequest
2024-12-06 23:07:22,930 - INFO - Processing request of type ListResourcesRequest
2024-12-06 23:07:23,316 - INFO - Processing request of type ListPromptsRequest
2024-12-06 23:07:27,937 - INFO - Processing request of type ListResourcesRequest
2024-12-06 23:07:28,358 - INFO - Processing request of type ListPromptsRequest
2024-12-06 23:07:33,158 - INFO - Processing request of type ListResourcesRequest
2024-12-06 23:07:33,598 - INFO - Processing request of type ListPromptsRequest
2024-12-06 23:07:37,920 - INFO - Processing request of type ListResourcesRequest
2024-12-06 23:07:38,326 - INFO - Processing request of type ListPromptsRequest
2024-12-06 23:07:42,920 - INFO - Processing request of type ListResourcesRequest
2024-12-06 23:07:43,303 - INFO - Processing request of type ListPromptsRequest
2024-12-06 23:07:47,919 - INFO - Processing request of type ListResourcesRequest
2024-12-06 23:07:48,333 - INFO - Processing request of type ListPromptsRequest
2024-12-06 23:07:52,920 - INFO - Processing request of type ListResourcesRequest
2024-12-06 23:07:53,378 - INFO - Processing request of type ListPromptsRequest
2024-12-06 23:07:57,919 - INFO - Processing request of type ListResourcesRequest
2024-12-06 23:07:58,349 - INFO - Processing request of type ListPromptsRequest
2024-12-06 23:08:02,919 - INFO - Processing request of type ListResourcesRequest
2024-12-06 23:08:03,323 - INFO - Processing request of type ListPromptsRequest
2024-12-06 23:08:07,920 - INFO - Processing request of type ListResourcesRequest
2024-12-06 23:08:08,291 - INFO - Processing request of type ListPromptsRequest
2024-12-06 23:08:12,919 - INFO - Processing request of type ListResourcesRequest
2024-12-06 23:08:13,291 - INFO - Processing request of type ListPromptsRequest
2024-12-06 23:08:17,919 - INFO - Processing request of type ListResourcesRequest
2024-12-06 23:08:18,330 - INFO - Processing request of type ListPromptsRequest
2024-12-06 23:08:22,919 - INFO - Processing request of type ListResourcesRequest
2024-12-06 23:08:23,318 - INFO - Processing request of type ListPromptsRequest
2024-12-06 23:08:27,920 - INFO - Processing request of type ListResourcesRequest
2024-12-06 23:08:28,308 - INFO - Processing request of type ListPromptsRequest
2024-12-06 23:08:33,844 - INFO - Processing request of type ListResourcesRequest
2024-12-06 23:08:34,281 - INFO - Processing request of type ListPromptsRequest
2024-12-06 23:08:38,387 - INFO - Processing request of type ListResourcesRequest
2024-12-06 23:08:38,841 - INFO - Processing request of type ListPromptsRequest
2024-12-06 23:08:42,919 - INFO - Processing request of type ListResourcesRequest
2024-12-06 23:08:43,332 - INFO - Processing request of type ListPromptsRequest
2024-12-06 23:08:48,031 - INFO - Processing request of type ListResourcesRequest
2024-12-06 23:08:48,444 - INFO - Processing request of type ListPromptsRequest
2024-12-06 23:08:52,920 - INFO - Processing request of type ListResourcesRequest
2024-12-06 23:08:53,439 - INFO - Processing request of type ListPromptsRequest
2024-12-06 23:08:57,918 - INFO - Processing request of type ListResourcesRequest
2024-12-06 23:08:58,309 - INFO - Processing request of type ListPromptsRequest
2024-12-06 23:09:02,918 - INFO - Processing request of type ListResourcesRequest
2024-12-06 23:09:03,301 - INFO - Processing request of type ListPromptsRequest
2024-12-06 23:09:07,921 - INFO - Processing request of type ListResourcesRequest
2024-12-06 23:09:08,342 - INFO - Processing request of type ListPromptsRequest
2024-12-06 23:09:12,919 - INFO - Processing request of type ListResourcesRequest
2024-12-06 23:09:13,315 - INFO - Processing request of type ListPromptsRequest
2024-12-06 23:09:18,844 - INFO - Processing request of type ListResourcesRequest
2024-12-06 23:09:19,238 - INFO - Processing request of type ListPromptsRequest
2024-12-06 23:09:23,852 - INFO - Processing request of type ListResourcesRequest
2024-12-06 23:09:24,240 - INFO - Processing request of type ListPromptsRequest
2024-12-06 23:09:28,847 - INFO - Processing request of type ListResourcesRequest
2024-12-06 23:09:29,223 - INFO - Processing request of type ListPromptsRequest
2024-12-06 23:09:33,844 - INFO - Processing request of type ListResourcesRequest
2024-12-06 23:09:34,264 - INFO - Processing request of type ListPromptsRequest
2024-12-06 23:09:38,843 - INFO - Processing request of type ListResourcesRequest
2024-12-06 23:09:39,248 - INFO - Processing request of type ListPromptsRequest
2024-12-06 23:09:43,844 - INFO - Processing request of type ListResourcesRequest
2024-12-06 23:09:44,243 - INFO - Processing request of type ListPromptsRequest
2024-12-06 23:09:48,844 - INFO - Processing request of type ListResourcesRequest
2024-12-06 23:09:49,213 - INFO - Processing request of type ListPromptsRequest
2024-12-06 23:09:53,843 - INFO - Processing request of type ListResourcesRequest
2024-12-06 23:09:54,218 - INFO - Processing request of type ListPromptsRequest
2024-12-06 23:09:58,844 - INFO - Processing request of type ListResourcesRequest
2024-12-06 23:09:59,263 - INFO - Processing request of type ListPromptsRequest
2024-12-06 23:10:03,844 - INFO - Processing request of type ListResourcesRequest
2024-12-06 23:10:04,248 - INFO - Processing request of type ListPromptsRequest
2024-12-06 23:10:07,917 - INFO - Processing request of type ListResourcesRequest
2024-12-06 23:10:08,330 - INFO - Processing request of type ListPromptsRequest
2024-12-06 23:10:12,918 - INFO - Processing request of type ListResourcesRequest
2024-12-06 23:10:13,305 - INFO - Processing request of type ListPromptsRequest
2024-12-06 23:10:17,917 - INFO - Processing request of type ListResourcesRequest
2024-12-06 23:10:18,334 - INFO - Processing request of type ListPromptsRequest
2024-12-06 23:10:22,918 - INFO - Processing request of type ListResourcesRequest
2024-12-06 23:10:23,311 - INFO - Processing request of type ListPromptsRequest
2024-12-06 23:10:27,923 - INFO - Processing request of type ListResourcesRequest
2024-12-06 23:10:28,322 - INFO - Processing request of type ListPromptsRequest
2024-12-06 23:10:32,918 - INFO - Processing request of type ListResourcesRequest
2024-12-06 23:10:33,292 - INFO - Processing request of type ListPromptsRequest
2024-12-06 23:10:38,844 - INFO - Processing request of type ListResourcesRequest
2024-12-06 23:10:39,233 - INFO - Processing request of type ListPromptsRequest
2024-12-06 23:10:43,749 - INFO - Processing request of type ListResourcesRequest
2024-12-06 23:10:44,164 - INFO - Processing request of type ListPromptsRequest
2024-12-06 23:10:47,918 - INFO - Processing request of type ListResourcesRequest
2024-12-06 23:10:48,311 - INFO - Processing request of type ListPromptsRequest
2024-12-06 23:10:52,920 - INFO - Processing request of type ListResourcesRequest
2024-12-06 23:10:53,353 - INFO - Processing request of type ListPromptsRequest
2024-12-06 23:10:57,916 - INFO - Processing request of type ListResourcesRequest
2024-12-06 23:10:58,294 - INFO - Processing request of type ListPromptsRequest
2024-12-06 23:11:02,918 - INFO - Processing request of type ListResourcesRequest
2024-12-06 23:11:03,301 - INFO - Processing request of type ListPromptsRequest
2024-12-06 23:11:08,843 - INFO - Processing request of type ListResourcesRequest
2024-12-06 23:11:09,256 - INFO - Processing request of type ListPromptsRequest
2024-12-06 23:11:13,845 - INFO - Processing request of type ListResourcesRequest
2024-12-06 23:11:14,245 - INFO - Processing request of type ListPromptsRequest
2024-12-06 23:11:17,974 - INFO - Processing request of type ListResourcesRequest
2024-12-06 23:11:18,402 - INFO - Processing request of type ListPromptsRequest
2024-12-06 23:11:23,854 - INFO - Processing request of type ListResourcesRequest
2024-12-06 23:11:24,227 - INFO - Processing request of type ListPromptsRequest
2024-12-06 23:11:28,849 - INFO - Processing request of type ListResourcesRequest
2024-12-06 23:11:29,243 - INFO - Processing request of type ListPromptsRequest
2024-12-06 23:11:33,847 - INFO - Processing request of type ListResourcesRequest
2024-12-06 23:11:34,259 - INFO - Processing request of type ListPromptsRequest
2024-12-06 23:11:38,847 - INFO - Processing request of type ListResourcesRequest
2024-12-06 23:11:39,250 - INFO - Processing request of type ListPromptsRequest
2024-12-06 23:11:43,846 - INFO - Processing request of type ListResourcesRequest
2024-12-06 23:11:44,255 - INFO - Processing request of type ListPromptsRequest
2024-12-06 23:11:48,848 - INFO - Processing request of type ListResourcesRequest
2024-12-06 23:11:49,213 - INFO - Processing request of type ListPromptsRequest
2024-12-06 23:11:53,846 - INFO - Processing request of type ListResourcesRequest
2024-12-06 23:11:54,331 - INFO - Processing request of type ListPromptsRequest
2024-12-06 23:11:58,847 - INFO - Processing request of type ListResourcesRequest
2024-12-06 23:11:59,275 - INFO - Processing request of type ListPromptsRequest
2024-12-06 23:12:03,848 - INFO - Processing request of type ListResourcesRequest
2024-12-06 23:12:04,226 - INFO - Processing request of type ListPromptsRequest
2024-12-06 23:12:08,842 - INFO - Processing request of type ListResourcesRequest
2024-12-06 23:12:09,237 - INFO - Processing request of type ListPromptsRequest
2024-12-06 23:12:13,852 - INFO - Processing request of type ListResourcesRequest
2024-12-06 23:12:14,270 - INFO - Processing request of type ListPromptsRequest
2024-12-06 23:12:18,846 - INFO - Processing request of type ListResourcesRequest
2024-12-06 23:12:19,309 - INFO - Processing request of type ListPromptsRequest
2024-12-06 23:12:23,848 - INFO - Processing request of type ListResourcesRequest
2024-12-06 23:12:24,260 - INFO - Processing request of type ListPromptsRequest
2024-12-06 23:13:23,852 - INFO - Processing request of type ListResourcesRequest
2024-12-06 23:13:24,290 - INFO - Processing request of type ListPromptsRequest
2024-12-06 23:14:23,845 - INFO - Processing request of type ListResourcesRequest
2024-12-06 23:14:24,243 - INFO - Processing request of type ListPromptsRequest
2024-12-06 23:31:29,874 - INFO - Processing request of type ListResourcesRequest
2024-12-06 23:31:30,460 - INFO - Processing request of type ListPromptsRequest
2024-12-06 23:32:37,089 - INFO - Processing request of type ListResourcesRequest
2024-12-06 23:32:37,587 - INFO - Processing request of type ListPromptsRequest
2024-12-07 00:00:29,203 - INFO - Processing request of type ListResourcesRequest
2024-12-07 00:00:29,874 - INFO - Processing request of type ListPromptsRequest
2024-12-07 01:01:21,863 - INFO - Processing request of type ListResourcesRequest
2024-12-07 01:01:24,486 - INFO - Processing request of type ListPromptsRequest
2024-12-07 01:31:48,099 - INFO - Processing request of type ListResourcesRequest
2024-12-07 01:31:59,099 - INFO - Processing request of type ListPromptsRequest
2024-12-07 01:32:55,400 - INFO - Processing request of type ListResourcesRequest
2024-12-07 01:33:30,843 - INFO - Processing request of type ListPromptsRequest
2024-12-07 01:34:07,641 - INFO - Processing request of type ListResourcesRequest
2024-12-07 01:34:43,264 - INFO - Processing request of type ListPromptsRequest
2024-12-07 01:35:06,453 - INFO - Processing request of type ListResourcesRequest
2024-12-07 01:37:20,399 - INFO - Processing request of type ListResourcesRequest
